 
****************************************
Report : timing
        -path full
        -delay min
        -max_paths 20
Design : SYS_TOP
Version: K-2015.06
Date   : Tue Sep 19 01:28:37 2023
****************************************

Operating Conditions: scmetro_tsmc_cl013g_rvt_ff_1p32v_m40c   Library: scmetro_tsmc_cl013g_rvt_ff_1p32v_m40c
Wire Load Model Mode: top

  Startpoint: U0_ALU/ALU_OUT_reg[14]
              (rising edge-triggered flip-flop clocked by ALU_CLK)
  Endpoint: U0_ALU/ALU_OUT_reg[15]
            (rising edge-triggered flip-flop clocked by ALU_CLK)
  Path Group: ALU_CLK
  Path Type: min

  Point                                                   Incr       Path
  --------------------------------------------------------------------------
  clock ALU_CLK (rise edge)                               0.00       0.00
  clock network delay (ideal)                             0.00       0.00
  U0_ALU/ALU_OUT_reg[14]/CK (SDFFRQX2M)                   0.00       0.00 r
  U0_ALU/ALU_OUT_reg[14]/Q (SDFFRQX2M)                    0.34       0.34 r
  U0_ALU/ALU_OUT_reg[15]/SI (SDFFRQX2M)                   0.00       0.34 r
  data arrival time                                                  0.34

  clock ALU_CLK (rise edge)                               0.00       0.00
  clock network delay (ideal)                             0.00       0.00
  clock uncertainty                                       0.10       0.10
  U0_ALU/ALU_OUT_reg[15]/CK (SDFFRQX2M)                   0.00       0.10 r
  library hold time                                      -0.18      -0.08
  data required time                                                -0.08
  --------------------------------------------------------------------------
  data required time                                                -0.08
  data arrival time                                                 -0.34
  --------------------------------------------------------------------------
  slack (MET)                                                        0.42


  Startpoint: U0_ALU/ALU_OUT_reg[13]
              (rising edge-triggered flip-flop clocked by ALU_CLK)
  Endpoint: U0_ALU/ALU_OUT_reg[14]
            (rising edge-triggered flip-flop clocked by ALU_CLK)
  Path Group: ALU_CLK
  Path Type: min

  Point                                                   Incr       Path
  --------------------------------------------------------------------------
  clock ALU_CLK (rise edge)                               0.00       0.00
  clock network delay (ideal)                             0.00       0.00
  U0_ALU/ALU_OUT_reg[13]/CK (SDFFRQX2M)                   0.00       0.00 r
  U0_ALU/ALU_OUT_reg[13]/Q (SDFFRQX2M)                    0.34       0.34 r
  U0_ALU/ALU_OUT_reg[14]/SI (SDFFRQX2M)                   0.00       0.34 r
  data arrival time                                                  0.34

  clock ALU_CLK (rise edge)                               0.00       0.00
  clock network delay (ideal)                             0.00       0.00
  clock uncertainty                                       0.10       0.10
  U0_ALU/ALU_OUT_reg[14]/CK (SDFFRQX2M)                   0.00       0.10 r
  library hold time                                      -0.18      -0.08
  data required time                                                -0.08
  --------------------------------------------------------------------------
  data required time                                                -0.08
  data arrival time                                                 -0.34
  --------------------------------------------------------------------------
  slack (MET)                                                        0.42


  Startpoint: U0_ALU/ALU_OUT_reg[12]
              (rising edge-triggered flip-flop clocked by ALU_CLK)
  Endpoint: U0_ALU/ALU_OUT_reg[13]
            (rising edge-triggered flip-flop clocked by ALU_CLK)
  Path Group: ALU_CLK
  Path Type: min

  Point                                                   Incr       Path
  --------------------------------------------------------------------------
  clock ALU_CLK (rise edge)                               0.00       0.00
  clock network delay (ideal)                             0.00       0.00
  U0_ALU/ALU_OUT_reg[12]/CK (SDFFRQX2M)                   0.00       0.00 r
  U0_ALU/ALU_OUT_reg[12]/Q (SDFFRQX2M)                    0.34       0.34 r
  U0_ALU/ALU_OUT_reg[13]/SI (SDFFRQX2M)                   0.00       0.34 r
  data arrival time                                                  0.34

  clock ALU_CLK (rise edge)                               0.00       0.00
  clock network delay (ideal)                             0.00       0.00
  clock uncertainty                                       0.10       0.10
  U0_ALU/ALU_OUT_reg[13]/CK (SDFFRQX2M)                   0.00       0.10 r
  library hold time                                      -0.18      -0.08
  data required time                                                -0.08
  --------------------------------------------------------------------------
  data required time                                                -0.08
  data arrival time                                                 -0.34
  --------------------------------------------------------------------------
  slack (MET)                                                        0.42


  Startpoint: U0_ALU/ALU_OUT_reg[11]
              (rising edge-triggered flip-flop clocked by ALU_CLK)
  Endpoint: U0_ALU/ALU_OUT_reg[12]
            (rising edge-triggered flip-flop clocked by ALU_CLK)
  Path Group: ALU_CLK
  Path Type: min

  Point                                                   Incr       Path
  --------------------------------------------------------------------------
  clock ALU_CLK (rise edge)                               0.00       0.00
  clock network delay (ideal)                             0.00       0.00
  U0_ALU/ALU_OUT_reg[11]/CK (SDFFRQX2M)                   0.00       0.00 r
  U0_ALU/ALU_OUT_reg[11]/Q (SDFFRQX2M)                    0.34       0.34 r
  U0_ALU/ALU_OUT_reg[12]/SI (SDFFRQX2M)                   0.00       0.34 r
  data arrival time                                                  0.34

  clock ALU_CLK (rise edge)                               0.00       0.00
  clock network delay (ideal)                             0.00       0.00
  clock uncertainty                                       0.10       0.10
  U0_ALU/ALU_OUT_reg[12]/CK (SDFFRQX2M)                   0.00       0.10 r
  library hold time                                      -0.18      -0.08
  data required time                                                -0.08
  --------------------------------------------------------------------------
  data required time                                                -0.08
  data arrival time                                                 -0.34
  --------------------------------------------------------------------------
  slack (MET)                                                        0.42


  Startpoint: U0_ALU/ALU_OUT_reg[10]
              (rising edge-triggered flip-flop clocked by ALU_CLK)
  Endpoint: U0_ALU/ALU_OUT_reg[11]
            (rising edge-triggered flip-flop clocked by ALU_CLK)
  Path Group: ALU_CLK
  Path Type: min

  Point                                                   Incr       Path
  --------------------------------------------------------------------------
  clock ALU_CLK (rise edge)                               0.00       0.00
  clock network delay (ideal)                             0.00       0.00
  U0_ALU/ALU_OUT_reg[10]/CK (SDFFRQX2M)                   0.00       0.00 r
  U0_ALU/ALU_OUT_reg[10]/Q (SDFFRQX2M)                    0.34       0.34 r
  U0_ALU/ALU_OUT_reg[11]/SI (SDFFRQX2M)                   0.00       0.34 r
  data arrival time                                                  0.34

  clock ALU_CLK (rise edge)                               0.00       0.00
  clock network delay (ideal)                             0.00       0.00
  clock uncertainty                                       0.10       0.10
  U0_ALU/ALU_OUT_reg[11]/CK (SDFFRQX2M)                   0.00       0.10 r
  library hold time                                      -0.18      -0.08
  data required time                                                -0.08
  --------------------------------------------------------------------------
  data required time                                                -0.08
  data arrival time                                                 -0.34
  --------------------------------------------------------------------------
  slack (MET)                                                        0.42


  Startpoint: U0_ALU/ALU_OUT_reg[9]
              (rising edge-triggered flip-flop clocked by ALU_CLK)
  Endpoint: U0_ALU/ALU_OUT_reg[10]
            (rising edge-triggered flip-flop clocked by ALU_CLK)
  Path Group: ALU_CLK
  Path Type: min

  Point                                                   Incr       Path
  --------------------------------------------------------------------------
  clock ALU_CLK (rise edge)                               0.00       0.00
  clock network delay (ideal)                             0.00       0.00
  U0_ALU/ALU_OUT_reg[9]/CK (SDFFRQX2M)                    0.00       0.00 r
  U0_ALU/ALU_OUT_reg[9]/Q (SDFFRQX2M)                     0.34       0.34 r
  U0_ALU/ALU_OUT_reg[10]/SI (SDFFRQX2M)                   0.00       0.34 r
  data arrival time                                                  0.34

  clock ALU_CLK (rise edge)                               0.00       0.00
  clock network delay (ideal)                             0.00       0.00
  clock uncertainty                                       0.10       0.10
  U0_ALU/ALU_OUT_reg[10]/CK (SDFFRQX2M)                   0.00       0.10 r
  library hold time                                      -0.18      -0.08
  data required time                                                -0.08
  --------------------------------------------------------------------------
  data required time                                                -0.08
  data arrival time                                                 -0.34
  --------------------------------------------------------------------------
  slack (MET)                                                        0.42


  Startpoint: U0_ALU/ALU_OUT_reg[8]
              (rising edge-triggered flip-flop clocked by ALU_CLK)
  Endpoint: U0_ALU/ALU_OUT_reg[9]
            (rising edge-triggered flip-flop clocked by ALU_CLK)
  Path Group: ALU_CLK
  Path Type: min

  Point                                                   Incr       Path
  --------------------------------------------------------------------------
  clock ALU_CLK (rise edge)                               0.00       0.00
  clock network delay (ideal)                             0.00       0.00
  U0_ALU/ALU_OUT_reg[8]/CK (SDFFRQX2M)                    0.00       0.00 r
  U0_ALU/ALU_OUT_reg[8]/Q (SDFFRQX2M)                     0.34       0.34 r
  U0_ALU/ALU_OUT_reg[9]/SI (SDFFRQX2M)                    0.00       0.34 r
  data arrival time                                                  0.34

  clock ALU_CLK (rise edge)                               0.00       0.00
  clock network delay (ideal)                             0.00       0.00
  clock uncertainty                                       0.10       0.10
  U0_ALU/ALU_OUT_reg[9]/CK (SDFFRQX2M)                    0.00       0.10 r
  library hold time                                      -0.18      -0.08
  data required time                                                -0.08
  --------------------------------------------------------------------------
  data required time                                                -0.08
  data arrival time                                                 -0.34
  --------------------------------------------------------------------------
  slack (MET)                                                        0.42


  Startpoint: U0_ALU/ALU_OUT_reg[15]
              (rising edge-triggered flip-flop clocked by ALU_CLK)
  Endpoint: U0_ALU/OUT_VALID_reg
            (rising edge-triggered flip-flop clocked by ALU_CLK)
  Path Group: ALU_CLK
  Path Type: min

  Point                                                   Incr       Path
  --------------------------------------------------------------------------
  clock ALU_CLK (rise edge)                               0.00       0.00
  clock network delay (ideal)                             0.00       0.00
  U0_ALU/ALU_OUT_reg[15]/CK (SDFFRQX2M)                   0.00       0.00 r
  U0_ALU/ALU_OUT_reg[15]/Q (SDFFRQX2M)                    0.34       0.34 r
  U0_ALU/OUT_VALID_reg/SI (SDFFRQX2M)                     0.00       0.34 r
  data arrival time                                                  0.34

  clock ALU_CLK (rise edge)                               0.00       0.00
  clock network delay (ideal)                             0.00       0.00
  clock uncertainty                                       0.10       0.10
  U0_ALU/OUT_VALID_reg/CK (SDFFRQX2M)                     0.00       0.10 r
  library hold time                                      -0.18      -0.08
  data required time                                                -0.08
  --------------------------------------------------------------------------
  data required time                                                -0.08
  data arrival time                                                 -0.34
  --------------------------------------------------------------------------
  slack (MET)                                                        0.42


  Startpoint: U0_ALU/ALU_OUT_reg[6]
              (rising edge-triggered flip-flop clocked by ALU_CLK)
  Endpoint: U0_ALU/ALU_OUT_reg[7]
            (rising edge-triggered flip-flop clocked by ALU_CLK)
  Path Group: ALU_CLK
  Path Type: min

  Point                                                   Incr       Path
  --------------------------------------------------------------------------
  clock ALU_CLK (rise edge)                               0.00       0.00
  clock network delay (ideal)                             0.00       0.00
  U0_ALU/ALU_OUT_reg[6]/CK (SDFFRQX2M)                    0.00       0.00 r
  U0_ALU/ALU_OUT_reg[6]/Q (SDFFRQX2M)                     0.35       0.35 r
  U0_ALU/ALU_OUT_reg[7]/SI (SDFFRQX2M)                    0.00       0.35 r
  data arrival time                                                  0.35

  clock ALU_CLK (rise edge)                               0.00       0.00
  clock network delay (ideal)                             0.00       0.00
  clock uncertainty                                       0.10       0.10
  U0_ALU/ALU_OUT_reg[7]/CK (SDFFRQX2M)                    0.00       0.10 r
  library hold time                                      -0.18      -0.08
  data required time                                                -0.08
  --------------------------------------------------------------------------
  data required time                                                -0.08
  data arrival time                                                 -0.35
  --------------------------------------------------------------------------
  slack (MET)                                                        0.43


  Startpoint: U0_ALU/ALU_OUT_reg[5]
              (rising edge-triggered flip-flop clocked by ALU_CLK)
  Endpoint: U0_ALU/ALU_OUT_reg[6]
            (rising edge-triggered flip-flop clocked by ALU_CLK)
  Path Group: ALU_CLK
  Path Type: min

  Point                                                   Incr       Path
  --------------------------------------------------------------------------
  clock ALU_CLK (rise edge)                               0.00       0.00
  clock network delay (ideal)                             0.00       0.00
  U0_ALU/ALU_OUT_reg[5]/CK (SDFFRQX2M)                    0.00       0.00 r
  U0_ALU/ALU_OUT_reg[5]/Q (SDFFRQX2M)                     0.35       0.35 r
  U0_ALU/ALU_OUT_reg[6]/SI (SDFFRQX2M)                    0.00       0.35 r
  data arrival time                                                  0.35

  clock ALU_CLK (rise edge)                               0.00       0.00
  clock network delay (ideal)                             0.00       0.00
  clock uncertainty                                       0.10       0.10
  U0_ALU/ALU_OUT_reg[6]/CK (SDFFRQX2M)                    0.00       0.10 r
  library hold time                                      -0.18      -0.08
  data required time                                                -0.08
  --------------------------------------------------------------------------
  data required time                                                -0.08
  data arrival time                                                 -0.35
  --------------------------------------------------------------------------
  slack (MET)                                                        0.43


  Startpoint: U0_ALU/ALU_OUT_reg[4]
              (rising edge-triggered flip-flop clocked by ALU_CLK)
  Endpoint: U0_ALU/ALU_OUT_reg[5]
            (rising edge-triggered flip-flop clocked by ALU_CLK)
  Path Group: ALU_CLK
  Path Type: min

  Point                                                   Incr       Path
  --------------------------------------------------------------------------
  clock ALU_CLK (rise edge)                               0.00       0.00
  clock network delay (ideal)                             0.00       0.00
  U0_ALU/ALU_OUT_reg[4]/CK (SDFFRQX2M)                    0.00       0.00 r
  U0_ALU/ALU_OUT_reg[4]/Q (SDFFRQX2M)                     0.35       0.35 r
  U0_ALU/ALU_OUT_reg[5]/SI (SDFFRQX2M)                    0.00       0.35 r
  data arrival time                                                  0.35

  clock ALU_CLK (rise edge)                               0.00       0.00
  clock network delay (ideal)                             0.00       0.00
  clock uncertainty                                       0.10       0.10
  U0_ALU/ALU_OUT_reg[5]/CK (SDFFRQX2M)                    0.00       0.10 r
  library hold time                                      -0.18      -0.08
  data required time                                                -0.08
  --------------------------------------------------------------------------
  data required time                                                -0.08
  data arrival time                                                 -0.35
  --------------------------------------------------------------------------
  slack (MET)                                                        0.43


  Startpoint: U0_ALU/ALU_OUT_reg[3]
              (rising edge-triggered flip-flop clocked by ALU_CLK)
  Endpoint: U0_ALU/ALU_OUT_reg[4]
            (rising edge-triggered flip-flop clocked by ALU_CLK)
  Path Group: ALU_CLK
  Path Type: min

  Point                                                   Incr       Path
  --------------------------------------------------------------------------
  clock ALU_CLK (rise edge)                               0.00       0.00
  clock network delay (ideal)                             0.00       0.00
  U0_ALU/ALU_OUT_reg[3]/CK (SDFFRQX2M)                    0.00       0.00 r
  U0_ALU/ALU_OUT_reg[3]/Q (SDFFRQX2M)                     0.35       0.35 r
  U0_ALU/ALU_OUT_reg[4]/SI (SDFFRQX2M)                    0.00       0.35 r
  data arrival time                                                  0.35

  clock ALU_CLK (rise edge)                               0.00       0.00
  clock network delay (ideal)                             0.00       0.00
  clock uncertainty                                       0.10       0.10
  U0_ALU/ALU_OUT_reg[4]/CK (SDFFRQX2M)                    0.00       0.10 r
  library hold time                                      -0.18      -0.08
  data required time                                                -0.08
  --------------------------------------------------------------------------
  data required time                                                -0.08
  data arrival time                                                 -0.35
  --------------------------------------------------------------------------
  slack (MET)                                                        0.43


  Startpoint: U0_ALU/ALU_OUT_reg[2]
              (rising edge-triggered flip-flop clocked by ALU_CLK)
  Endpoint: U0_ALU/ALU_OUT_reg[3]
            (rising edge-triggered flip-flop clocked by ALU_CLK)
  Path Group: ALU_CLK
  Path Type: min

  Point                                                   Incr       Path
  --------------------------------------------------------------------------
  clock ALU_CLK (rise edge)                               0.00       0.00
  clock network delay (ideal)                             0.00       0.00
  U0_ALU/ALU_OUT_reg[2]/CK (SDFFRQX2M)                    0.00       0.00 r
  U0_ALU/ALU_OUT_reg[2]/Q (SDFFRQX2M)                     0.35       0.35 r
  U0_ALU/ALU_OUT_reg[3]/SI (SDFFRQX2M)                    0.00       0.35 r
  data arrival time                                                  0.35

  clock ALU_CLK (rise edge)                               0.00       0.00
  clock network delay (ideal)                             0.00       0.00
  clock uncertainty                                       0.10       0.10
  U0_ALU/ALU_OUT_reg[3]/CK (SDFFRQX2M)                    0.00       0.10 r
  library hold time                                      -0.18      -0.08
  data required time                                                -0.08
  --------------------------------------------------------------------------
  data required time                                                -0.08
  data arrival time                                                 -0.35
  --------------------------------------------------------------------------
  slack (MET)                                                        0.43


  Startpoint: U0_ALU/ALU_OUT_reg[1]
              (rising edge-triggered flip-flop clocked by ALU_CLK)
  Endpoint: U0_ALU/ALU_OUT_reg[2]
            (rising edge-triggered flip-flop clocked by ALU_CLK)
  Path Group: ALU_CLK
  Path Type: min

  Point                                                   Incr       Path
  --------------------------------------------------------------------------
  clock ALU_CLK (rise edge)                               0.00       0.00
  clock network delay (ideal)                             0.00       0.00
  U0_ALU/ALU_OUT_reg[1]/CK (SDFFRQX2M)                    0.00       0.00 r
  U0_ALU/ALU_OUT_reg[1]/Q (SDFFRQX2M)                     0.35       0.35 r
  U0_ALU/ALU_OUT_reg[2]/SI (SDFFRQX2M)                    0.00       0.35 r
  data arrival time                                                  0.35

  clock ALU_CLK (rise edge)                               0.00       0.00
  clock network delay (ideal)                             0.00       0.00
  clock uncertainty                                       0.10       0.10
  U0_ALU/ALU_OUT_reg[2]/CK (SDFFRQX2M)                    0.00       0.10 r
  library hold time                                      -0.18      -0.08
  data required time                                                -0.08
  --------------------------------------------------------------------------
  data required time                                                -0.08
  data arrival time                                                 -0.35
  --------------------------------------------------------------------------
  slack (MET)                                                        0.43


  Startpoint: U0_ALU/ALU_OUT_reg[0]
              (rising edge-triggered flip-flop clocked by ALU_CLK)
  Endpoint: U0_ALU/ALU_OUT_reg[1]
            (rising edge-triggered flip-flop clocked by ALU_CLK)
  Path Group: ALU_CLK
  Path Type: min

  Point                                                   Incr       Path
  --------------------------------------------------------------------------
  clock ALU_CLK (rise edge)                               0.00       0.00
  clock network delay (ideal)                             0.00       0.00
  U0_ALU/ALU_OUT_reg[0]/CK (SDFFRQX2M)                    0.00       0.00 r
  U0_ALU/ALU_OUT_reg[0]/Q (SDFFRQX2M)                     0.35       0.35 r
  U0_ALU/ALU_OUT_reg[1]/SI (SDFFRQX2M)                    0.00       0.35 r
  data arrival time                                                  0.35

  clock ALU_CLK (rise edge)                               0.00       0.00
  clock network delay (ideal)                             0.00       0.00
  clock uncertainty                                       0.10       0.10
  U0_ALU/ALU_OUT_reg[1]/CK (SDFFRQX2M)                    0.00       0.10 r
  library hold time                                      -0.18      -0.08
  data required time                                                -0.08
  --------------------------------------------------------------------------
  data required time                                                -0.08
  data arrival time                                                 -0.35
  --------------------------------------------------------------------------
  slack (MET)                                                        0.43


  Startpoint: U0_ALU/ALU_OUT_reg[7]
              (rising edge-triggered flip-flop clocked by ALU_CLK)
  Endpoint: U0_ALU/ALU_OUT_reg[8]
            (rising edge-triggered flip-flop clocked by ALU_CLK)
  Path Group: ALU_CLK
  Path Type: min

  Point                                                   Incr       Path
  --------------------------------------------------------------------------
  clock ALU_CLK (rise edge)                               0.00       0.00
  clock network delay (ideal)                             0.00       0.00
  U0_ALU/ALU_OUT_reg[7]/CK (SDFFRQX2M)                    0.00       0.00 r
  U0_ALU/ALU_OUT_reg[7]/Q (SDFFRQX2M)                     0.35       0.35 r
  U0_ALU/ALU_OUT_reg[8]/SI (SDFFRQX2M)                    0.00       0.35 r
  data arrival time                                                  0.35

  clock ALU_CLK (rise edge)                               0.00       0.00
  clock network delay (ideal)                             0.00       0.00
  clock uncertainty                                       0.10       0.10
  U0_ALU/ALU_OUT_reg[8]/CK (SDFFRQX2M)                    0.00       0.10 r
  library hold time                                      -0.18      -0.08
  data required time                                                -0.08
  --------------------------------------------------------------------------
  data required time                                                -0.08
  data arrival time                                                 -0.35
  --------------------------------------------------------------------------
  slack (MET)                                                        0.43


  Startpoint: U0_UART/U0_UART_RX/U0_edge_bit_counter/bit_count_reg[3]
              (rising edge-triggered flip-flop clocked by SCAN_CLK)
  Endpoint: U0_UART/U0_UART_RX/U0_edge_bit_counter/edge_count_reg[0]
            (rising edge-triggered flip-flop clocked by SCAN_CLK)
  Path Group: SCAN_CLK
  Path Type: min

  Point                                                   Incr       Path
  --------------------------------------------------------------------------
  clock SCAN_CLK (rise edge)                              0.00       0.00
  clock network delay (ideal)                             0.00       0.00
  U0_UART/U0_UART_RX/U0_edge_bit_counter/bit_count_reg[3]/CK (SDFFRX1M)
                                                          0.00       0.00 r
  U0_UART/U0_UART_RX/U0_edge_bit_counter/bit_count_reg[3]/QN (SDFFRX1M)
                                                          0.30       0.30 r
  U0_UART/U0_UART_RX/U0_edge_bit_counter/edge_count_reg[0]/SI (SDFFRQX2M)
                                                          0.00       0.30 r
  data arrival time                                                  0.30

  clock SCAN_CLK (rise edge)                              0.00       0.00
  clock network delay (ideal)                             0.00       0.00
  clock uncertainty                                       0.10       0.10
  U0_UART/U0_UART_RX/U0_edge_bit_counter/edge_count_reg[0]/CK (SDFFRQX2M)
                                                          0.00       0.10 r
  library hold time                                      -0.19      -0.09
  data required time                                                -0.09
  --------------------------------------------------------------------------
  data required time                                                -0.09
  data arrival time                                                 -0.30
  --------------------------------------------------------------------------
  slack (MET)                                                        0.39


  Startpoint: U0_UART_FIFO/u_fifo_mem/FIFO_MEM_reg[3][4]
              (rising edge-triggered flip-flop clocked by SCAN_CLK)
  Endpoint: U0_UART/U0_UART_TX/U0_mux/OUT_reg
            (rising edge-triggered flip-flop clocked by SCAN_CLK)
  Path Group: SCAN_CLK
  Path Type: min

  Point                                                   Incr       Path
  --------------------------------------------------------------------------
  clock SCAN_CLK (rise edge)                              0.00       0.00
  clock network delay (ideal)                             0.00       0.00
  U0_UART_FIFO/u_fifo_mem/FIFO_MEM_reg[3][4]/CK (SDFFRQX2M)
                                                          0.00       0.00 r
  U0_UART_FIFO/u_fifo_mem/FIFO_MEM_reg[3][4]/Q (SDFFRQX2M)
                                                          0.37       0.37 r
  U0_UART_FIFO/u_fifo_mem/test_so1 (fifo_mem_D_SIZE8_F_DEPTH8_P_SIZE4_test_1)
                                                          0.00       0.37 r
  U0_UART_FIFO/test_so1 (Async_fifo_D_SIZE8_F_DEPTH8_P_SIZE4_test_1)
                                                          0.00       0.37 r
  U0_UART/test_si2 (UART_test_1)                          0.00       0.37 r
  U0_UART/U0_UART_TX/test_si2 (UART_TX_DATA_WIDTH8_test_1)
                                                          0.00       0.37 r
  U0_UART/U0_UART_TX/U0_mux/test_si (mux_test_1)          0.00       0.37 r
  U0_UART/U0_UART_TX/U0_mux/OUT_reg/SI (SDFFRHQX8M)       0.00       0.37 r
  data arrival time                                                  0.37

  clock SCAN_CLK (rise edge)                              0.00       0.00
  clock network delay (ideal)                             0.00       0.00
  clock uncertainty                                       0.10       0.10
  U0_UART/U0_UART_TX/U0_mux/OUT_reg/CK (SDFFRHQX8M)       0.00       0.10 r
  library hold time                                      -0.13      -0.03
  data required time                                                -0.03
  --------------------------------------------------------------------------
  data required time                                                -0.03
  data arrival time                                                 -0.37
  --------------------------------------------------------------------------
  slack (MET)                                                        0.40


  Startpoint: U0_RST_SYNC/sync_reg_reg[0]
              (rising edge-triggered flip-flop clocked by SCAN_CLK)
  Endpoint: U0_RST_SYNC/sync_reg_reg[1]
            (rising edge-triggered flip-flop clocked by SCAN_CLK)
  Path Group: SCAN_CLK
  Path Type: min

  Point                                                   Incr       Path
  --------------------------------------------------------------------------
  clock SCAN_CLK (rise edge)                              0.00       0.00
  clock network delay (ideal)                             0.00       0.00
  U0_RST_SYNC/sync_reg_reg[0]/CK (SDFFRQX2M)              0.00       0.00 r
  U0_RST_SYNC/sync_reg_reg[0]/Q (SDFFRQX2M)               0.34       0.34 r
  U0_RST_SYNC/sync_reg_reg[1]/D (SDFFRQX2M)               0.00       0.34 r
  data arrival time                                                  0.34

  clock SCAN_CLK (rise edge)                              0.00       0.00
  clock network delay (ideal)                             0.00       0.00
  clock uncertainty                                       0.10       0.10
  U0_RST_SYNC/sync_reg_reg[1]/CK (SDFFRQX2M)              0.00       0.10 r
  library hold time                                      -0.16      -0.06
  data required time                                                -0.06
  --------------------------------------------------------------------------
  data required time                                                -0.06
  data arrival time                                                 -0.34
  --------------------------------------------------------------------------
  slack (MET)                                                        0.41


  Startpoint: U0_UART_FIFO/u_w2r_sync/sync_reg_reg[3][0]
              (rising edge-triggered flip-flop clocked by SCAN_CLK)
  Endpoint: U0_UART_FIFO/u_w2r_sync/sync_reg_reg[3][1]
            (rising edge-triggered flip-flop clocked by SCAN_CLK)
  Path Group: SCAN_CLK
  Path Type: min

  Point                                                   Incr       Path
  --------------------------------------------------------------------------
  clock SCAN_CLK (rise edge)                              0.00       0.00
  clock network delay (ideal)                             0.00       0.00
  U0_UART_FIFO/u_w2r_sync/sync_reg_reg[3][0]/CK (SDFFRQX2M)
                                                          0.00       0.00 r
  U0_UART_FIFO/u_w2r_sync/sync_reg_reg[3][0]/Q (SDFFRQX2M)
                                                          0.34       0.34 r
  U0_UART_FIFO/u_w2r_sync/sync_reg_reg[3][1]/D (SDFFRQX2M)
                                                          0.00       0.34 r
  data arrival time                                                  0.34

  clock SCAN_CLK (rise edge)                              0.00       0.00
  clock network delay (ideal)                             0.00       0.00
  clock uncertainty                                       0.10       0.10
  U0_UART_FIFO/u_w2r_sync/sync_reg_reg[3][1]/CK (SDFFRQX2M)
                                                          0.00       0.10 r
  library hold time                                      -0.16      -0.06
  data required time                                                -0.06
  --------------------------------------------------------------------------
  data required time                                                -0.06
  data arrival time                                                 -0.34
  --------------------------------------------------------------------------
  slack (MET)                                                        0.41


  Startpoint: U0_UART_FIFO/u_w2r_sync/sync_reg_reg[2][0]
              (rising edge-triggered flip-flop clocked by SCAN_CLK)
  Endpoint: U0_UART_FIFO/u_w2r_sync/sync_reg_reg[2][1]
            (rising edge-triggered flip-flop clocked by SCAN_CLK)
  Path Group: SCAN_CLK
  Path Type: min

  Point                                                   Incr       Path
  --------------------------------------------------------------------------
  clock SCAN_CLK (rise edge)                              0.00       0.00
  clock network delay (ideal)                             0.00       0.00
  U0_UART_FIFO/u_w2r_sync/sync_reg_reg[2][0]/CK (SDFFRQX2M)
                                                          0.00       0.00 r
  U0_UART_FIFO/u_w2r_sync/sync_reg_reg[2][0]/Q (SDFFRQX2M)
                                                          0.34       0.34 r
  U0_UART_FIFO/u_w2r_sync/sync_reg_reg[2][1]/D (SDFFRQX2M)
                                                          0.00       0.34 r
  data arrival time                                                  0.34

  clock SCAN_CLK (rise edge)                              0.00       0.00
  clock network delay (ideal)                             0.00       0.00
  clock uncertainty                                       0.10       0.10
  U0_UART_FIFO/u_w2r_sync/sync_reg_reg[2][1]/CK (SDFFRQX2M)
                                                          0.00       0.10 r
  library hold time                                      -0.16      -0.06
  data required time                                                -0.06
  --------------------------------------------------------------------------
  data required time                                                -0.06
  data arrival time                                                 -0.34
  --------------------------------------------------------------------------
  slack (MET)                                                        0.41


  Startpoint: U0_UART_FIFO/u_w2r_sync/sync_reg_reg[1][0]
              (rising edge-triggered flip-flop clocked by SCAN_CLK)
  Endpoint: U0_UART_FIFO/u_w2r_sync/sync_reg_reg[1][1]
            (rising edge-triggered flip-flop clocked by SCAN_CLK)
  Path Group: SCAN_CLK
  Path Type: min

  Point                                                   Incr       Path
  --------------------------------------------------------------------------
  clock SCAN_CLK (rise edge)                              0.00       0.00
  clock network delay (ideal)                             0.00       0.00
  U0_UART_FIFO/u_w2r_sync/sync_reg_reg[1][0]/CK (SDFFRQX2M)
                                                          0.00       0.00 r
  U0_UART_FIFO/u_w2r_sync/sync_reg_reg[1][0]/Q (SDFFRQX2M)
                                                          0.34       0.34 r
  U0_UART_FIFO/u_w2r_sync/sync_reg_reg[1][1]/D (SDFFRQX2M)
                                                          0.00       0.34 r
  data arrival time                                                  0.34

  clock SCAN_CLK (rise edge)                              0.00       0.00
  clock network delay (ideal)                             0.00       0.00
  clock uncertainty                                       0.10       0.10
  U0_UART_FIFO/u_w2r_sync/sync_reg_reg[1][1]/CK (SDFFRQX2M)
                                                          0.00       0.10 r
  library hold time                                      -0.16      -0.06
  data required time                                                -0.06
  --------------------------------------------------------------------------
  data required time                                                -0.06
  data arrival time                                                 -0.34
  --------------------------------------------------------------------------
  slack (MET)                                                        0.41


  Startpoint: U0_UART_FIFO/u_w2r_sync/sync_reg_reg[0][0]
              (rising edge-triggered flip-flop clocked by SCAN_CLK)
  Endpoint: U0_UART_FIFO/u_w2r_sync/sync_reg_reg[0][1]
            (rising edge-triggered flip-flop clocked by SCAN_CLK)
  Path Group: SCAN_CLK
  Path Type: min

  Point                                                   Incr       Path
  --------------------------------------------------------------------------
  clock SCAN_CLK (rise edge)                              0.00       0.00
  clock network delay (ideal)                             0.00       0.00
  U0_UART_FIFO/u_w2r_sync/sync_reg_reg[0][0]/CK (SDFFRQX2M)
                                                          0.00       0.00 r
  U0_UART_FIFO/u_w2r_sync/sync_reg_reg[0][0]/Q (SDFFRQX2M)
                                                          0.34       0.34 r
  U0_UART_FIFO/u_w2r_sync/sync_reg_reg[0][1]/D (SDFFRQX2M)
                                                          0.00       0.34 r
  data arrival time                                                  0.34

  clock SCAN_CLK (rise edge)                              0.00       0.00
  clock network delay (ideal)                             0.00       0.00
  clock uncertainty                                       0.10       0.10
  U0_UART_FIFO/u_w2r_sync/sync_reg_reg[0][1]/CK (SDFFRQX2M)
                                                          0.00       0.10 r
  library hold time                                      -0.16      -0.06
  data required time                                                -0.06
  --------------------------------------------------------------------------
  data required time                                                -0.06
  data arrival time                                                 -0.34
  --------------------------------------------------------------------------
  slack (MET)                                                        0.41


  Startpoint: U0_UART_FIFO/u_r2w_sync/sync_reg_reg[1][0]
              (rising edge-triggered flip-flop clocked by SCAN_CLK)
  Endpoint: U0_UART_FIFO/u_r2w_sync/sync_reg_reg[1][1]
            (rising edge-triggered flip-flop clocked by SCAN_CLK)
  Path Group: SCAN_CLK
  Path Type: min

  Point                                                   Incr       Path
  --------------------------------------------------------------------------
  clock SCAN_CLK (rise edge)                              0.00       0.00
  clock network delay (ideal)                             0.00       0.00
  U0_UART_FIFO/u_r2w_sync/sync_reg_reg[1][0]/CK (SDFFRQX2M)
                                                          0.00       0.00 r
  U0_UART_FIFO/u_r2w_sync/sync_reg_reg[1][0]/Q (SDFFRQX2M)
                                                          0.34       0.34 r
  U0_UART_FIFO/u_r2w_sync/sync_reg_reg[1][1]/D (SDFFRQX2M)
                                                          0.00       0.34 r
  data arrival time                                                  0.34

  clock SCAN_CLK (rise edge)                              0.00       0.00
  clock network delay (ideal)                             0.00       0.00
  clock uncertainty                                       0.10       0.10
  U0_UART_FIFO/u_r2w_sync/sync_reg_reg[1][1]/CK (SDFFRQX2M)
                                                          0.00       0.10 r
  library hold time                                      -0.16      -0.06
  data required time                                                -0.06
  --------------------------------------------------------------------------
  data required time                                                -0.06
  data arrival time                                                 -0.34
  --------------------------------------------------------------------------
  slack (MET)                                                        0.41


  Startpoint: U0_UART_FIFO/u_r2w_sync/sync_reg_reg[0][0]
              (rising edge-triggered flip-flop clocked by SCAN_CLK)
  Endpoint: U0_UART_FIFO/u_r2w_sync/sync_reg_reg[0][1]
            (rising edge-triggered flip-flop clocked by SCAN_CLK)
  Path Group: SCAN_CLK
  Path Type: min

  Point                                                   Incr       Path
  --------------------------------------------------------------------------
  clock SCAN_CLK (rise edge)                              0.00       0.00
  clock network delay (ideal)                             0.00       0.00
  U0_UART_FIFO/u_r2w_sync/sync_reg_reg[0][0]/CK (SDFFRQX2M)
                                                          0.00       0.00 r
  U0_UART_FIFO/u_r2w_sync/sync_reg_reg[0][0]/Q (SDFFRQX2M)
                                                          0.34       0.34 r
  U0_UART_FIFO/u_r2w_sync/sync_reg_reg[0][1]/D (SDFFRQX2M)
                                                          0.00       0.34 r
  data arrival time                                                  0.34

  clock SCAN_CLK (rise edge)                              0.00       0.00
  clock network delay (ideal)                             0.00       0.00
  clock uncertainty                                       0.10       0.10
  U0_UART_FIFO/u_r2w_sync/sync_reg_reg[0][1]/CK (SDFFRQX2M)
                                                          0.00       0.10 r
  library hold time                                      -0.16      -0.06
  data required time                                                -0.06
  --------------------------------------------------------------------------
  data required time                                                -0.06
  data arrival time                                                 -0.34
  --------------------------------------------------------------------------
  slack (MET)                                                        0.41


  Startpoint: U0_UART_FIFO/u_r2w_sync/sync_reg_reg[3][0]
              (rising edge-triggered flip-flop clocked by SCAN_CLK)
  Endpoint: U0_UART_FIFO/u_r2w_sync/sync_reg_reg[3][1]
            (rising edge-triggered flip-flop clocked by SCAN_CLK)
  Path Group: SCAN_CLK
  Path Type: min

  Point                                                   Incr       Path
  --------------------------------------------------------------------------
  clock SCAN_CLK (rise edge)                              0.00       0.00
  clock network delay (ideal)                             0.00       0.00
  U0_UART_FIFO/u_r2w_sync/sync_reg_reg[3][0]/CK (SDFFRQX2M)
                                                          0.00       0.00 r
  U0_UART_FIFO/u_r2w_sync/sync_reg_reg[3][0]/Q (SDFFRQX2M)
                                                          0.34       0.34 r
  U0_UART_FIFO/u_r2w_sync/sync_reg_reg[3][1]/D (SDFFRQX2M)
                                                          0.00       0.34 r
  data arrival time                                                  0.34

  clock SCAN_CLK (rise edge)                              0.00       0.00
  clock network delay (ideal)                             0.00       0.00
  clock uncertainty                                       0.10       0.10
  U0_UART_FIFO/u_r2w_sync/sync_reg_reg[3][1]/CK (SDFFRQX2M)
                                                          0.00       0.10 r
  library hold time                                      -0.16      -0.06
  data required time                                                -0.06
  --------------------------------------------------------------------------
  data required time                                                -0.06
  data arrival time                                                 -0.34
  --------------------------------------------------------------------------
  slack (MET)                                                        0.41


  Startpoint: U0_UART_FIFO/u_r2w_sync/sync_reg_reg[2][0]
              (rising edge-triggered flip-flop clocked by SCAN_CLK)
  Endpoint: U0_UART_FIFO/u_r2w_sync/sync_reg_reg[2][1]
            (rising edge-triggered flip-flop clocked by SCAN_CLK)
  Path Group: SCAN_CLK
  Path Type: min

  Point                                                   Incr       Path
  --------------------------------------------------------------------------
  clock SCAN_CLK (rise edge)                              0.00       0.00
  clock network delay (ideal)                             0.00       0.00
  U0_UART_FIFO/u_r2w_sync/sync_reg_reg[2][0]/CK (SDFFRQX2M)
                                                          0.00       0.00 r
  U0_UART_FIFO/u_r2w_sync/sync_reg_reg[2][0]/Q (SDFFRQX2M)
                                                          0.34       0.34 r
  U0_UART_FIFO/u_r2w_sync/sync_reg_reg[2][1]/D (SDFFRQX2M)
                                                          0.00       0.34 r
  data arrival time                                                  0.34

  clock SCAN_CLK (rise edge)                              0.00       0.00
  clock network delay (ideal)                             0.00       0.00
  clock uncertainty                                       0.10       0.10
  U0_UART_FIFO/u_r2w_sync/sync_reg_reg[2][1]/CK (SDFFRQX2M)
                                                          0.00       0.10 r
  library hold time                                      -0.16      -0.06
  data required time                                                -0.06
  --------------------------------------------------------------------------
  data required time                                                -0.06
  data arrival time                                                 -0.34
  --------------------------------------------------------------------------
  slack (MET)                                                        0.41


  Startpoint: U0_RST_SYNC/sync_reg_reg[0]
              (rising edge-triggered flip-flop clocked by SCAN_CLK)
  Endpoint: U0_RST_SYNC/sync_reg_reg[1]
            (rising edge-triggered flip-flop clocked by SCAN_CLK)
  Path Group: SCAN_CLK
  Path Type: min

  Point                                                   Incr       Path
  --------------------------------------------------------------------------
  clock SCAN_CLK (rise edge)                              0.00       0.00
  clock network delay (ideal)                             0.00       0.00
  U0_RST_SYNC/sync_reg_reg[0]/CK (SDFFRQX2M)              0.00       0.00 r
  U0_RST_SYNC/sync_reg_reg[0]/Q (SDFFRQX2M)               0.34       0.34 r
  U0_RST_SYNC/sync_reg_reg[1]/SI (SDFFRQX2M)              0.00       0.34 r
  data arrival time                                                  0.34

  clock SCAN_CLK (rise edge)                              0.00       0.00
  clock network delay (ideal)                             0.00       0.00
  clock uncertainty                                       0.10       0.10
  U0_RST_SYNC/sync_reg_reg[1]/CK (SDFFRQX2M)              0.00       0.10 r
  library hold time                                      -0.18      -0.08
  data required time                                                -0.08
  --------------------------------------------------------------------------
  data required time                                                -0.08
  data arrival time                                                 -0.34
  --------------------------------------------------------------------------
  slack (MET)                                                        0.42


  Startpoint: U0_UART_FIFO/u_w2r_sync/sync_reg_reg[3][0]
              (rising edge-triggered flip-flop clocked by SCAN_CLK)
  Endpoint: U0_UART_FIFO/u_w2r_sync/sync_reg_reg[3][1]
            (rising edge-triggered flip-flop clocked by SCAN_CLK)
  Path Group: SCAN_CLK
  Path Type: min

  Point                                                   Incr       Path
  --------------------------------------------------------------------------
  clock SCAN_CLK (rise edge)                              0.00       0.00
  clock network delay (ideal)                             0.00       0.00
  U0_UART_FIFO/u_w2r_sync/sync_reg_reg[3][0]/CK (SDFFRQX2M)
                                                          0.00       0.00 r
  U0_UART_FIFO/u_w2r_sync/sync_reg_reg[3][0]/Q (SDFFRQX2M)
                                                          0.34       0.34 r
  U0_UART_FIFO/u_w2r_sync/sync_reg_reg[3][1]/SI (SDFFRQX2M)
                                                          0.00       0.34 r
  data arrival time                                                  0.34

  clock SCAN_CLK (rise edge)                              0.00       0.00
  clock network delay (ideal)                             0.00       0.00
  clock uncertainty                                       0.10       0.10
  U0_UART_FIFO/u_w2r_sync/sync_reg_reg[3][1]/CK (SDFFRQX2M)
                                                          0.00       0.10 r
  library hold time                                      -0.18      -0.08
  data required time                                                -0.08
  --------------------------------------------------------------------------
  data required time                                                -0.08
  data arrival time                                                 -0.34
  --------------------------------------------------------------------------
  slack (MET)                                                        0.42


  Startpoint: U0_UART_FIFO/u_w2r_sync/sync_reg_reg[2][0]
              (rising edge-triggered flip-flop clocked by SCAN_CLK)
  Endpoint: U0_UART_FIFO/u_w2r_sync/sync_reg_reg[2][1]
            (rising edge-triggered flip-flop clocked by SCAN_CLK)
  Path Group: SCAN_CLK
  Path Type: min

  Point                                                   Incr       Path
  --------------------------------------------------------------------------
  clock SCAN_CLK (rise edge)                              0.00       0.00
  clock network delay (ideal)                             0.00       0.00
  U0_UART_FIFO/u_w2r_sync/sync_reg_reg[2][0]/CK (SDFFRQX2M)
                                                          0.00       0.00 r
  U0_UART_FIFO/u_w2r_sync/sync_reg_reg[2][0]/Q (SDFFRQX2M)
                                                          0.34       0.34 r
  U0_UART_FIFO/u_w2r_sync/sync_reg_reg[2][1]/SI (SDFFRQX2M)
                                                          0.00       0.34 r
  data arrival time                                                  0.34

  clock SCAN_CLK (rise edge)                              0.00       0.00
  clock network delay (ideal)                             0.00       0.00
  clock uncertainty                                       0.10       0.10
  U0_UART_FIFO/u_w2r_sync/sync_reg_reg[2][1]/CK (SDFFRQX2M)
                                                          0.00       0.10 r
  library hold time                                      -0.18      -0.08
  data required time                                                -0.08
  --------------------------------------------------------------------------
  data required time                                                -0.08
  data arrival time                                                 -0.34
  --------------------------------------------------------------------------
  slack (MET)                                                        0.42


  Startpoint: U0_UART_FIFO/u_w2r_sync/sync_reg_reg[1][0]
              (rising edge-triggered flip-flop clocked by SCAN_CLK)
  Endpoint: U0_UART_FIFO/u_w2r_sync/sync_reg_reg[1][1]
            (rising edge-triggered flip-flop clocked by SCAN_CLK)
  Path Group: SCAN_CLK
  Path Type: min

  Point                                                   Incr       Path
  --------------------------------------------------------------------------
  clock SCAN_CLK (rise edge)                              0.00       0.00
  clock network delay (ideal)                             0.00       0.00
  U0_UART_FIFO/u_w2r_sync/sync_reg_reg[1][0]/CK (SDFFRQX2M)
                                                          0.00       0.00 r
  U0_UART_FIFO/u_w2r_sync/sync_reg_reg[1][0]/Q (SDFFRQX2M)
                                                          0.34       0.34 r
  U0_UART_FIFO/u_w2r_sync/sync_reg_reg[1][1]/SI (SDFFRQX2M)
                                                          0.00       0.34 r
  data arrival time                                                  0.34

  clock SCAN_CLK (rise edge)                              0.00       0.00
  clock network delay (ideal)                             0.00       0.00
  clock uncertainty                                       0.10       0.10
  U0_UART_FIFO/u_w2r_sync/sync_reg_reg[1][1]/CK (SDFFRQX2M)
                                                          0.00       0.10 r
  library hold time                                      -0.18      -0.08
  data required time                                                -0.08
  --------------------------------------------------------------------------
  data required time                                                -0.08
  data arrival time                                                 -0.34
  --------------------------------------------------------------------------
  slack (MET)                                                        0.42


  Startpoint: U0_UART_FIFO/u_w2r_sync/sync_reg_reg[0][0]
              (rising edge-triggered flip-flop clocked by SCAN_CLK)
  Endpoint: U0_UART_FIFO/u_w2r_sync/sync_reg_reg[0][1]
            (rising edge-triggered flip-flop clocked by SCAN_CLK)
  Path Group: SCAN_CLK
  Path Type: min

  Point                                                   Incr       Path
  --------------------------------------------------------------------------
  clock SCAN_CLK (rise edge)                              0.00       0.00
  clock network delay (ideal)                             0.00       0.00
  U0_UART_FIFO/u_w2r_sync/sync_reg_reg[0][0]/CK (SDFFRQX2M)
                                                          0.00       0.00 r
  U0_UART_FIFO/u_w2r_sync/sync_reg_reg[0][0]/Q (SDFFRQX2M)
                                                          0.34       0.34 r
  U0_UART_FIFO/u_w2r_sync/sync_reg_reg[0][1]/SI (SDFFRQX2M)
                                                          0.00       0.34 r
  data arrival time                                                  0.34

  clock SCAN_CLK (rise edge)                              0.00       0.00
  clock network delay (ideal)                             0.00       0.00
  clock uncertainty                                       0.10       0.10
  U0_UART_FIFO/u_w2r_sync/sync_reg_reg[0][1]/CK (SDFFRQX2M)
                                                          0.00       0.10 r
  library hold time                                      -0.18      -0.08
  data required time                                                -0.08
  --------------------------------------------------------------------------
  data required time                                                -0.08
  data arrival time                                                 -0.34
  --------------------------------------------------------------------------
  slack (MET)                                                        0.42


  Startpoint: U0_UART_FIFO/u_r2w_sync/sync_reg_reg[1][0]
              (rising edge-triggered flip-flop clocked by SCAN_CLK)
  Endpoint: U0_UART_FIFO/u_r2w_sync/sync_reg_reg[1][1]
            (rising edge-triggered flip-flop clocked by SCAN_CLK)
  Path Group: SCAN_CLK
  Path Type: min

  Point                                                   Incr       Path
  --------------------------------------------------------------------------
  clock SCAN_CLK (rise edge)                              0.00       0.00
  clock network delay (ideal)                             0.00       0.00
  U0_UART_FIFO/u_r2w_sync/sync_reg_reg[1][0]/CK (SDFFRQX2M)
                                                          0.00       0.00 r
  U0_UART_FIFO/u_r2w_sync/sync_reg_reg[1][0]/Q (SDFFRQX2M)
                                                          0.34       0.34 r
  U0_UART_FIFO/u_r2w_sync/sync_reg_reg[1][1]/SI (SDFFRQX2M)
                                                          0.00       0.34 r
  data arrival time                                                  0.34

  clock SCAN_CLK (rise edge)                              0.00       0.00
  clock network delay (ideal)                             0.00       0.00
  clock uncertainty                                       0.10       0.10
  U0_UART_FIFO/u_r2w_sync/sync_reg_reg[1][1]/CK (SDFFRQX2M)
                                                          0.00       0.10 r
  library hold time                                      -0.18      -0.08
  data required time                                                -0.08
  --------------------------------------------------------------------------
  data required time                                                -0.08
  data arrival time                                                 -0.34
  --------------------------------------------------------------------------
  slack (MET)                                                        0.42


  Startpoint: U0_UART_FIFO/u_r2w_sync/sync_reg_reg[0][0]
              (rising edge-triggered flip-flop clocked by SCAN_CLK)
  Endpoint: U0_UART_FIFO/u_r2w_sync/sync_reg_reg[0][1]
            (rising edge-triggered flip-flop clocked by SCAN_CLK)
  Path Group: SCAN_CLK
  Path Type: min

  Point                                                   Incr       Path
  --------------------------------------------------------------------------
  clock SCAN_CLK (rise edge)                              0.00       0.00
  clock network delay (ideal)                             0.00       0.00
  U0_UART_FIFO/u_r2w_sync/sync_reg_reg[0][0]/CK (SDFFRQX2M)
                                                          0.00       0.00 r
  U0_UART_FIFO/u_r2w_sync/sync_reg_reg[0][0]/Q (SDFFRQX2M)
                                                          0.34       0.34 r
  U0_UART_FIFO/u_r2w_sync/sync_reg_reg[0][1]/SI (SDFFRQX2M)
                                                          0.00       0.34 r
  data arrival time                                                  0.34

  clock SCAN_CLK (rise edge)                              0.00       0.00
  clock network delay (ideal)                             0.00       0.00
  clock uncertainty                                       0.10       0.10
  U0_UART_FIFO/u_r2w_sync/sync_reg_reg[0][1]/CK (SDFFRQX2M)
                                                          0.00       0.10 r
  library hold time                                      -0.18      -0.08
  data required time                                                -0.08
  --------------------------------------------------------------------------
  data required time                                                -0.08
  data arrival time                                                 -0.34
  --------------------------------------------------------------------------
  slack (MET)                                                        0.42


  Startpoint: U0_UART_FIFO/u_r2w_sync/sync_reg_reg[3][0]
              (rising edge-triggered flip-flop clocked by SCAN_CLK)
  Endpoint: U0_UART_FIFO/u_r2w_sync/sync_reg_reg[3][1]
            (rising edge-triggered flip-flop clocked by SCAN_CLK)
  Path Group: SCAN_CLK
  Path Type: min

  Point                                                   Incr       Path
  --------------------------------------------------------------------------
  clock SCAN_CLK (rise edge)                              0.00       0.00
  clock network delay (ideal)                             0.00       0.00
  U0_UART_FIFO/u_r2w_sync/sync_reg_reg[3][0]/CK (SDFFRQX2M)
                                                          0.00       0.00 r
  U0_UART_FIFO/u_r2w_sync/sync_reg_reg[3][0]/Q (SDFFRQX2M)
                                                          0.34       0.34 r
  U0_UART_FIFO/u_r2w_sync/sync_reg_reg[3][1]/SI (SDFFRQX2M)
                                                          0.00       0.34 r
  data arrival time                                                  0.34

  clock SCAN_CLK (rise edge)                              0.00       0.00
  clock network delay (ideal)                             0.00       0.00
  clock uncertainty                                       0.10       0.10
  U0_UART_FIFO/u_r2w_sync/sync_reg_reg[3][1]/CK (SDFFRQX2M)
                                                          0.00       0.10 r
  library hold time                                      -0.18      -0.08
  data required time                                                -0.08
  --------------------------------------------------------------------------
  data required time                                                -0.08
  data arrival time                                                 -0.34
  --------------------------------------------------------------------------
  slack (MET)                                                        0.42


  Startpoint: U0_UART_FIFO/u_r2w_sync/sync_reg_reg[2][0]
              (rising edge-triggered flip-flop clocked by SCAN_CLK)
  Endpoint: U0_UART_FIFO/u_r2w_sync/sync_reg_reg[2][1]
            (rising edge-triggered flip-flop clocked by SCAN_CLK)
  Path Group: SCAN_CLK
  Path Type: min

  Point                                                   Incr       Path
  --------------------------------------------------------------------------
  clock SCAN_CLK (rise edge)                              0.00       0.00
  clock network delay (ideal)                             0.00       0.00
  U0_UART_FIFO/u_r2w_sync/sync_reg_reg[2][0]/CK (SDFFRQX2M)
                                                          0.00       0.00 r
  U0_UART_FIFO/u_r2w_sync/sync_reg_reg[2][0]/Q (SDFFRQX2M)
                                                          0.34       0.34 r
  U0_UART_FIFO/u_r2w_sync/sync_reg_reg[2][1]/SI (SDFFRQX2M)
                                                          0.00       0.34 r
  data arrival time                                                  0.34

  clock SCAN_CLK (rise edge)                              0.00       0.00
  clock network delay (ideal)                             0.00       0.00
  clock uncertainty                                       0.10       0.10
  U0_UART_FIFO/u_r2w_sync/sync_reg_reg[2][1]/CK (SDFFRQX2M)
                                                          0.00       0.10 r
  library hold time                                      -0.18      -0.08
  data required time                                                -0.08
  --------------------------------------------------------------------------
  data required time                                                -0.08
  data arrival time                                                 -0.34
  --------------------------------------------------------------------------
  slack (MET)                                                        0.42


1
