
                                 Formality (R)

               Version L-2016.03-SP1 for linux64 - Apr 13, 2016 

                    Copyright (c) 1988 - 2016 Synopsys, Inc.
   This software and the associated documentation are proprietary to Synopsys,
 Inc. This software may only be used in accordance with the terms and conditions
 of a written license agreement with Synopsys, Inc. All other use, reproduction,
            or distribution of this software is strictly prohibited.

  ** Highlights of Formality (R) Version L-2016.03 **
   - New alternate verification strategies for resolving inconclusive verifications
   - Automation for deploying alternate strategies
   - New command to export the mapping of reference to implementation registers
   - New capability to combine PG and low power information from db libraries with Verilog functional models

   * Please refer to the Formality Release Notes for details and additional enhancements

Build: 4031317
Hostname: IC (RHEL64)
Current time: Fri Aug 16 16:34:58 2024

Loading db file '/opt/Synopsys/Formality2016/libraries/syn/gtech.db'
############################  Search PATH ################################
lappend search_path /home/IC/tsmc_fb_cl013g_sc/aci/sc-m/synopsys
/home/IC/tsmc_fb_cl013g_sc/aci/sc-m/synopsys
lappend search_path /home/IC/Projects/System/RTL/ALU
/home/IC/tsmc_fb_cl013g_sc/aci/sc-m/synopsys /home/IC/Projects/System/RTL/ALU
lappend search_path /home/IC/Projects/System/RTL/ASYNC_FIFO
/home/IC/tsmc_fb_cl013g_sc/aci/sc-m/synopsys /home/IC/Projects/System/RTL/ALU /home/IC/Projects/System/RTL/ASYNC_FIFO
lappend search_path /home/IC/Projects/System/RTL/CLKDIV_MUX
/home/IC/tsmc_fb_cl013g_sc/aci/sc-m/synopsys /home/IC/Projects/System/RTL/ALU /home/IC/Projects/System/RTL/ASYNC_FIFO /home/IC/Projects/System/RTL/CLKDIV_MUX
lappend search_path /home/IC/Projects/System/RTL/Clock_Divider
/home/IC/tsmc_fb_cl013g_sc/aci/sc-m/synopsys /home/IC/Projects/System/RTL/ALU /home/IC/Projects/System/RTL/ASYNC_FIFO /home/IC/Projects/System/RTL/CLKDIV_MUX /home/IC/Projects/System/RTL/Clock_Divider
lappend search_path /home/IC/Projects/System/RTL/Clock_Gating
/home/IC/tsmc_fb_cl013g_sc/aci/sc-m/synopsys /home/IC/Projects/System/RTL/ALU /home/IC/Projects/System/RTL/ASYNC_FIFO /home/IC/Projects/System/RTL/CLKDIV_MUX /home/IC/Projects/System/RTL/Clock_Divider /home/IC/Projects/System/RTL/Clock_Gating
lappend search_path /home/IC/Projects/System/RTL/DATA_SYNC
/home/IC/tsmc_fb_cl013g_sc/aci/sc-m/synopsys /home/IC/Projects/System/RTL/ALU /home/IC/Projects/System/RTL/ASYNC_FIFO /home/IC/Projects/System/RTL/CLKDIV_MUX /home/IC/Projects/System/RTL/Clock_Divider /home/IC/Projects/System/RTL/Clock_Gating /home/IC/Projects/System/RTL/DATA_SYNC
lappend search_path /home/IC/Projects/System/RTL/RegFile
/home/IC/tsmc_fb_cl013g_sc/aci/sc-m/synopsys /home/IC/Projects/System/RTL/ALU /home/IC/Projects/System/RTL/ASYNC_FIFO /home/IC/Projects/System/RTL/CLKDIV_MUX /home/IC/Projects/System/RTL/Clock_Divider /home/IC/Projects/System/RTL/Clock_Gating /home/IC/Projects/System/RTL/DATA_SYNC /home/IC/Projects/System/RTL/RegFile
lappend search_path /home/IC/Projects/System/RTL/PULSE_GEN
/home/IC/tsmc_fb_cl013g_sc/aci/sc-m/synopsys /home/IC/Projects/System/RTL/ALU /home/IC/Projects/System/RTL/ASYNC_FIFO /home/IC/Projects/System/RTL/CLKDIV_MUX /home/IC/Projects/System/RTL/Clock_Divider /home/IC/Projects/System/RTL/Clock_Gating /home/IC/Projects/System/RTL/DATA_SYNC /home/IC/Projects/System/RTL/RegFile /home/IC/Projects/System/RTL/PULSE_GEN
lappend search_path /home/IC/Projects/System/RTL/RST_SYNC
/home/IC/tsmc_fb_cl013g_sc/aci/sc-m/synopsys /home/IC/Projects/System/RTL/ALU /home/IC/Projects/System/RTL/ASYNC_FIFO /home/IC/Projects/System/RTL/CLKDIV_MUX /home/IC/Projects/System/RTL/Clock_Divider /home/IC/Projects/System/RTL/Clock_Gating /home/IC/Projects/System/RTL/DATA_SYNC /home/IC/Projects/System/RTL/RegFile /home/IC/Projects/System/RTL/PULSE_GEN /home/IC/Projects/System/RTL/RST_SYNC
lappend search_path /home/IC/Projects/System/RTL/SYS_CTRL
/home/IC/tsmc_fb_cl013g_sc/aci/sc-m/synopsys /home/IC/Projects/System/RTL/ALU /home/IC/Projects/System/RTL/ASYNC_FIFO /home/IC/Projects/System/RTL/CLKDIV_MUX /home/IC/Projects/System/RTL/Clock_Divider /home/IC/Projects/System/RTL/Clock_Gating /home/IC/Projects/System/RTL/DATA_SYNC /home/IC/Projects/System/RTL/RegFile /home/IC/Projects/System/RTL/PULSE_GEN /home/IC/Projects/System/RTL/RST_SYNC /home/IC/Projects/System/RTL/SYS_CTRL
lappend search_path /home/IC/Projects/System/RTL/UART/UART_RX
/home/IC/tsmc_fb_cl013g_sc/aci/sc-m/synopsys /home/IC/Projects/System/RTL/ALU /home/IC/Projects/System/RTL/ASYNC_FIFO /home/IC/Projects/System/RTL/CLKDIV_MUX /home/IC/Projects/System/RTL/Clock_Divider /home/IC/Projects/System/RTL/Clock_Gating /home/IC/Projects/System/RTL/DATA_SYNC /home/IC/Projects/System/RTL/RegFile /home/IC/Projects/System/RTL/PULSE_GEN /home/IC/Projects/System/RTL/RST_SYNC /home/IC/Projects/System/RTL/SYS_CTRL /home/IC/Projects/System/RTL/UART/UART_RX
lappend search_path /home/IC/Projects/System/RTL/UART/UART_TX
/home/IC/tsmc_fb_cl013g_sc/aci/sc-m/synopsys /home/IC/Projects/System/RTL/ALU /home/IC/Projects/System/RTL/ASYNC_FIFO /home/IC/Projects/System/RTL/CLKDIV_MUX /home/IC/Projects/System/RTL/Clock_Divider /home/IC/Projects/System/RTL/Clock_Gating /home/IC/Projects/System/RTL/DATA_SYNC /home/IC/Projects/System/RTL/RegFile /home/IC/Projects/System/RTL/PULSE_GEN /home/IC/Projects/System/RTL/RST_SYNC /home/IC/Projects/System/RTL/SYS_CTRL /home/IC/Projects/System/RTL/UART/UART_RX /home/IC/Projects/System/RTL/UART/UART_TX
lappend search_path /home/IC/Projects/System/RTL/UART/UART_TOP
/home/IC/tsmc_fb_cl013g_sc/aci/sc-m/synopsys /home/IC/Projects/System/RTL/ALU /home/IC/Projects/System/RTL/ASYNC_FIFO /home/IC/Projects/System/RTL/CLKDIV_MUX /home/IC/Projects/System/RTL/Clock_Divider /home/IC/Projects/System/RTL/Clock_Gating /home/IC/Projects/System/RTL/DATA_SYNC /home/IC/Projects/System/RTL/RegFile /home/IC/Projects/System/RTL/PULSE_GEN /home/IC/Projects/System/RTL/RST_SYNC /home/IC/Projects/System/RTL/SYS_CTRL /home/IC/Projects/System/RTL/UART/UART_RX /home/IC/Projects/System/RTL/UART/UART_TX /home/IC/Projects/System/RTL/UART/UART_TOP
lappend search_path /home/IC/Projects/System/RTL/Top
/home/IC/tsmc_fb_cl013g_sc/aci/sc-m/synopsys /home/IC/Projects/System/RTL/ALU /home/IC/Projects/System/RTL/ASYNC_FIFO /home/IC/Projects/System/RTL/CLKDIV_MUX /home/IC/Projects/System/RTL/Clock_Divider /home/IC/Projects/System/RTL/Clock_Gating /home/IC/Projects/System/RTL/DATA_SYNC /home/IC/Projects/System/RTL/RegFile /home/IC/Projects/System/RTL/PULSE_GEN /home/IC/Projects/System/RTL/RST_SYNC /home/IC/Projects/System/RTL/SYS_CTRL /home/IC/Projects/System/RTL/UART/UART_RX /home/IC/Projects/System/RTL/UART/UART_TX /home/IC/Projects/System/RTL/UART/UART_TOP /home/IC/Projects/System/RTL/Top
########################### Define Top Module ############################
set top_module SYS_TOP
SYS_TOP
######################### Formality Setup File ###########################
set synopsys_auto_setup true
true
set_svf "../../DFT/$top_module.svf"
SVF set to '../../DFT/SYS_TOP.svf'.
1
####################### Read Reference tech libs ########################
set SSLIB "/home/IC/tsmc_fb_cl013g_sc/aci/sc-m/synopsys/scmetro_tsmc_cl013g_rvt_ss_1p08v_125c.db"
/home/IC/tsmc_fb_cl013g_sc/aci/sc-m/synopsys/scmetro_tsmc_cl013g_rvt_ss_1p08v_125c.db
set TTLIB "/home/IC/tsmc_fb_cl013g_sc/aci/sc-m/synopsys/scmetro_tsmc_cl013g_rvt_tt_1p2v_25c.db"
/home/IC/tsmc_fb_cl013g_sc/aci/sc-m/synopsys/scmetro_tsmc_cl013g_rvt_tt_1p2v_25c.db
set FFLIB "/home/IC/tsmc_fb_cl013g_sc/aci/sc-m/synopsys/scmetro_tsmc_cl013g_rvt_ff_1p32v_m40c.db"
/home/IC/tsmc_fb_cl013g_sc/aci/sc-m/synopsys/scmetro_tsmc_cl013g_rvt_ff_1p32v_m40c.db
read_db -container Ref [list $SSLIB $TTLIB $FFLIB]
Loading db file '/home/IC/tsmc_fb_cl013g_sc/aci/sc-m/synopsys/scmetro_tsmc_cl013g_rvt_ss_1p08v_125c.db'
Created container 'Ref'
Current container set to 'Ref'
Loading db file '/home/IC/tsmc_fb_cl013g_sc/aci/sc-m/synopsys/scmetro_tsmc_cl013g_rvt_tt_1p2v_25c.db'
Loading db file '/home/IC/tsmc_fb_cl013g_sc/aci/sc-m/synopsys/scmetro_tsmc_cl013g_rvt_ff_1p32v_m40c.db'
1
###################  Read Reference Design Files ######################## 
read_verilog -container Ref "ALU.v"
No target library specified, default is WORK
Initializing DesignWare ...
Initialization Complete
Loading verilog file '/home/IC/Projects/System/RTL/ALU/ALU.v'
1
read_verilog -container Ref "BIT_SYNC.v"
No target library specified, default is WORK
Loading verilog file '/home/IC/Projects/System/RTL/ASYNC_FIFO/BIT_SYNC.v'
1
read_verilog -container Ref "fifo_mem.v"
No target library specified, default is WORK
Loading verilog file '/home/IC/Projects/System/RTL/ASYNC_FIFO/fifo_mem.v'
1
read_verilog -container Ref "fifo_rd.v"
No target library specified, default is WORK
Loading verilog file '/home/IC/Projects/System/RTL/ASYNC_FIFO/fifo_rd.v'
1
read_verilog -container Ref "fifo_wr.v"
No target library specified, default is WORK
Loading verilog file '/home/IC/Projects/System/RTL/ASYNC_FIFO/fifo_wr.v'
1
read_verilog -container Ref "Async_fifo.v"
No target library specified, default is WORK
Loading verilog file '/home/IC/Projects/System/RTL/ASYNC_FIFO/Async_fifo.v'
1
read_verilog -container Ref "CLKDIV_MUX.v"
No target library specified, default is WORK
Loading verilog file '/home/IC/Projects/System/RTL/CLKDIV_MUX/CLKDIV_MUX.v'
1
read_verilog -container Ref "ClkDiv.v"
No target library specified, default is WORK
Loading verilog file '/home/IC/Projects/System/RTL/Clock_Divider/ClkDiv.v'
1
read_verilog -container Ref "CLK_GATE.v"
No target library specified, default is WORK
Loading verilog file '/home/IC/Projects/System/RTL/Clock_Gating/CLK_GATE.v'
1
read_verilog -container Ref "DATA_SYNC.v"
No target library specified, default is WORK
Loading verilog file '/home/IC/Projects/System/RTL/DATA_SYNC/DATA_SYNC.v'
1
read_verilog -container Ref "RegFile.v"
No target library specified, default is WORK
Loading verilog file '/home/IC/Projects/System/RTL/RegFile/RegFile.v'
1
read_verilog -container Ref "PULSE_GEN.v"
No target library specified, default is WORK
Loading verilog file '/home/IC/Projects/System/RTL/PULSE_GEN/PULSE_GEN.v'
1
read_verilog -container Ref "RST_SYNC.v"
No target library specified, default is WORK
Loading verilog file '/home/IC/Projects/System/RTL/RST_SYNC/RST_SYNC.v'
1
read_verilog -container Ref "SYS_CTRL.v"
No target library specified, default is WORK
Loading verilog file '/home/IC/Projects/System/RTL/SYS_CTRL/SYS_CTRL.v'
1
read_verilog -container Ref "data_sampling.v"
No target library specified, default is WORK
Loading verilog file '/home/IC/Projects/System/RTL/UART/UART_RX/data_sampling.v'
1
read_verilog -container Ref "deserializer.v"
No target library specified, default is WORK
Loading verilog file '/home/IC/Projects/System/RTL/UART/UART_RX/deserializer.v'
1
read_verilog -container Ref "edge_bit_counter.v"
No target library specified, default is WORK
Loading verilog file '/home/IC/Projects/System/RTL/UART/UART_RX/edge_bit_counter.v'
1
read_verilog -container Ref "par_chk.v"
No target library specified, default is WORK
Loading verilog file '/home/IC/Projects/System/RTL/UART/UART_RX/par_chk.v'
1
read_verilog -container Ref "stp_chk.v"
No target library specified, default is WORK
Loading verilog file '/home/IC/Projects/System/RTL/UART/UART_RX/stp_chk.v'
1
read_verilog -container Ref "strt_chk.v"
No target library specified, default is WORK
Loading verilog file '/home/IC/Projects/System/RTL/UART/UART_RX/strt_chk.v'
1
read_verilog -container Ref "UART_RX.v"
No target library specified, default is WORK
Loading verilog file '/home/IC/Projects/System/RTL/UART/UART_RX/UART_RX.v'
1
read_verilog -container Ref "uart_rx_fsm.v"
No target library specified, default is WORK
Loading verilog file '/home/IC/Projects/System/RTL/UART/UART_RX/uart_rx_fsm.v'
1
read_verilog -container Ref "mux.v"
No target library specified, default is WORK
Loading verilog file '/home/IC/Projects/System/RTL/UART/UART_TX/mux.v'
1
read_verilog -container Ref "parity_calc.v"
No target library specified, default is WORK
Loading verilog file '/home/IC/Projects/System/RTL/UART/UART_TX/parity_calc.v'
1
read_verilog -container Ref "Serializer.v"
No target library specified, default is WORK
Loading verilog file '/home/IC/Projects/System/RTL/UART/UART_TX/Serializer.v'
1
read_verilog -container Ref "uart_tx_fsm.v"
No target library specified, default is WORK
Loading verilog file '/home/IC/Projects/System/RTL/UART/UART_TX/uart_tx_fsm.v'
1
read_verilog -container Ref "UART_TX.v"
No target library specified, default is WORK
Loading verilog file '/home/IC/Projects/System/RTL/UART/UART_TX/UART_TX.v'
1
read_verilog -container Ref "UART.v"
No target library specified, default is WORK
Loading verilog file '/home/IC/Projects/System/RTL/UART/UART_TOP/UART.v'
1
read_verilog -container Ref "mux2X1.v"
No target library specified, default is WORK
Loading verilog file '/home/IC/Projects/System/RTL/Top/mux2X1.v'
1
read_verilog -container Ref "SYS_TOP_dft.v"
No target library specified, default is WORK
Loading verilog file '/home/IC/Projects/System/RTL/Top/SYS_TOP_dft.v'
1
######################## set the top Reference Design ######################## 
set_reference_design SYS_TOP
Reference design set to 'Ref:/WORK/SYS_TOP'
1
set_top SYS_TOP
Setting top design to 'Ref:/WORK/SYS_TOP'
Status:   Elaborating design SYS_TOP   ...  
Status:   Elaborating design mux2X1   ...  
Status:   Elaborating design RST_SYNC  NUM_STAGES=2 ...  
Information: Created design named 'RST_SYNC_NUM_STAGES2'. (FE-LINK-13)
Status:   Elaborating design DATA_SYNC  NUM_STAGES=2, BUS_WIDTH=8 ...  
Information: Created design named 'DATA_SYNC_NUM_STAGES2_BUS_WIDTH8'. (FE-LINK-13)
Status:   Elaborating design Async_fifo  D_SIZE=8, F_DEPTH=8, P_SIZE=4 ...  
Information: Created design named 'Async_fifo_D_SIZE8_F_DEPTH8_P_SIZE4'. (FE-LINK-13)
Status:   Elaborating design fifo_mem  D_SIZE=8, F_DEPTH=8, P_SIZE=4 ...  
Information: Created design named 'fifo_mem_D_SIZE8_F_DEPTH8_P_SIZE4'. (FE-LINK-13)
Status:   Elaborating design fifo_rd  P_SIZE=4 ...  
Information: Created design named 'fifo_rd_P_SIZE4'. (FE-LINK-13)
Status:   Elaborating design BIT_SYNC  NUM_STAGES=2, BUS_WIDTH=4 ...  
Information: Created design named 'BIT_SYNC_NUM_STAGES2_BUS_WIDTH4'. (FE-LINK-13)
Status:   Elaborating design fifo_wr  P_SIZE=4 ...  
Information: Created design named 'fifo_wr_P_SIZE4'. (FE-LINK-13)
Status:   Elaborating design PULSE_GEN   ...  
Status:   Elaborating design ClkDiv   ...  
Status:   Elaborating design CLKDIV_MUX   ...  
Status:   Elaborating design UART   ...  
Status:   Elaborating design UART_TX  DATA_WIDTH=8 ...  
Information: Created design named 'UART_TX_DATA_WIDTH8'. (FE-LINK-13)
Status:   Elaborating design uart_tx_fsm   ...  
Status:   Elaborating design Serializer  WIDTH=8 ...  
Information: Created design named 'Serializer_WIDTH8'. (FE-LINK-13)
Status:   Elaborating design mux   ...  
Status:   Elaborating design parity_calc  WIDTH=8 ...  
Information: Created design named 'parity_calc_WIDTH8'. (FE-LINK-13)
Status:   Elaborating design UART_RX   ...  
Status:   Elaborating design uart_rx_fsm  DATA_WIDTH=8 ...  
Information: Created design named 'uart_rx_fsm_DATA_WIDTH8'. (FE-LINK-13)
Status:   Elaborating design edge_bit_counter   ...  
Status:   Elaborating design data_sampling   ...  
Status:   Elaborating design deserializer  DATA_WIDTH=8 ...  
Information: Created design named 'deserializer_DATA_WIDTH8'. (FE-LINK-13)
Status:   Elaborating design strt_chk   ...  
Status:   Elaborating design par_chk  DATA_WIDTH=8 ...  
Information: Created design named 'par_chk_DATA_WIDTH8'. (FE-LINK-13)
Status:   Elaborating design stp_chk   ...  
Status:   Elaborating design SYS_CTRL   ...  
Status:   Elaborating design RegFile   ...  
Status:   Elaborating design ALU   ...  
Status:   Elaborating design CLK_GATE   ...  
Status:  Implementing inferred operators...

************ Library Checking Summary ************
Warning:  3 unlinked power cell(s) with unread pg pins.
        Use 'report_libraries -defects all' for more details.
**************************************************

Top design successfully set to 'Ref:/WORK/SYS_TOP'
Reference design set to 'Ref:/WORK/SYS_TOP'
1
####################### Read Implementation tech libs ######################## 
read_db -container Imp [list $SSLIB $TTLIB $FFLIB]
Loading db file '/home/IC/tsmc_fb_cl013g_sc/aci/sc-m/synopsys/scmetro_tsmc_cl013g_rvt_ss_1p08v_125c.db'
Created container 'Imp'
Current container set to 'Imp'
Loading db file '/home/IC/tsmc_fb_cl013g_sc/aci/sc-m/synopsys/scmetro_tsmc_cl013g_rvt_tt_1p2v_25c.db'
Loading db file '/home/IC/tsmc_fb_cl013g_sc/aci/sc-m/synopsys/scmetro_tsmc_cl013g_rvt_ff_1p32v_m40c.db'
1
#################### Read Implementation Design Files ######################## 
read_verilog -container Imp -netlist "/home/IC/Projects/System/Backend/pnr/export/SYS_TOP.v"
No target library specified, default is WORK
Loading verilog file '/home/IC/Projects/System/Backend/pnr/export/SYS_TOP.v'
1
####################  set the top Implementation Design ######################
set_implementation_design SYS_TOP
Implementation design set to 'Imp:/WORK/SYS_TOP'
1
set_top SYS_TOP
Setting top design to 'Imp:/WORK/SYS_TOP'
Status:  Implementing inferred operators...

************ Library Checking Summary ************
Warning:  3 unlinked power cell(s) with unread pg pins.
        Use 'report_libraries -defects all' for more details.
**************************************************

Top design successfully set to 'Imp:/WORK/SYS_TOP'
Implementation design set to 'Imp:/WORK/SYS_TOP'
1
############################### Don't verify #################################
# do not verify scan in & scan out ports as a compare point as it is existed only after synthesis and not existed in the RTL
#scan_out
set_dont_verify_points -type port Ref:/WORK/*/SO*
Set don't verify point 'Ref:/WORK/SYS_TOP/SO[0]'
Set don't verify point 'Ref:/WORK/SYS_TOP/SO[1]'
Set don't verify point 'Ref:/WORK/SYS_TOP/SO[2]'
Set don't verify point 'Ref:/WORK/SYS_TOP/SO[3]'
1
set_dont_verify_points -type port Imp:/WORK/*/SO*
Set don't verify point 'Imp:/WORK/SYS_TOP/SO[0]'
Set don't verify point 'Imp:/WORK/SYS_TOP/SO[1]'
Set don't verify point 'Imp:/WORK/SYS_TOP/SO[2]'
Set don't verify point 'Imp:/WORK/SYS_TOP/SO[3]'
1
############################### contants #####################################
# all atpg enable(test_mode, scan_enable) are zero during formal compare
#test_mode
set_constant Ref:/WORK/*/test_mode 0
Set 'Ref:/WORK/SYS_TOP/test_mode' to constant 0
1
set_constant Imp:/WORK/*/test_mode 0
Set 'Imp:/WORK/SYS_TOP/test_mode' to constant 0
1
#scan_enable
set_constant Ref:/WORK/*/SE 0
Set 'Ref:/WORK/SYS_TOP/SE' to constant 0
1
set_constant Imp:/WORK/*/SE 0
Set 'Imp:/WORK/SYS_TOP/SE' to constant 0
1
########################### matching Compare points ##########################
match
Reference design is 'Ref:/WORK/SYS_TOP'
Implementation design is 'Imp:/WORK/SYS_TOP'
Status:  Checking designs...
    Warning: 4 (12) undriven nets found in reference (implementation) design; see formality.log for list (FM-399)
Status:  Building verification models...
Status:  Processing Guide Commands...
    Set 'Ref:/WORK/SYS_TOP/SE' to constant 0    
    Set 'Imp:/WORK/SYS_TOP/SE' to constant 0    
    Set 'Ref:/WORK/SYS_TOP/test_mode' to constant 1    
    Set 'Imp:/WORK/SYS_TOP/test_mode' to constant 1    
    Set 'Imp:/WORK/SYS_TOP/SE' to constant 0    ; previous value was also 0
    Set 'Imp:/WORK/SYS_TOP/test_mode' to constant 1    ; previous value was also 1

***************************** Guidance Summary *****************************
                                         Status
Command                 Accepted   Rejected  Unsupported  Unprocessed  Total
----------------------------------------------------------------------------
environment         :          2          0          0          0          2
instance_map        :         29          0          0          0         29
mark                :         20          0          0          0         20
multiplier          :          2          0          0          0          2
scan_input          :          2          0          0          0          2
transformation
   map              :         27          0          0          0         27
   share            :          4          0          0          0          4
uniquify            :         32          2          0          0         34
ununiquify          :          1          0          0          0          1

Note: If verification succeeds you can safely ignore unaccepted guidance commands.

SVF files read:
      ../../DFT/SYS_TOP.svf

SVF files produced:
  /home/IC/Projects/System/Backend/Formality/post-PnR/formality_svf/
    svf.txt
****************************************************************************

Status:  Matching...
    
*********************************** Matching Results ***********************************    
 367 Compare points matched by name    
 0 Compare points matched by signature analysis    
 0 Compare points matched by topology    
 5 Matched primary inputs, black-box outputs    
 0(0) Unmatched reference(implementation) compare points    
 0(0) Unmatched reference(implementation) primary inputs, black-box outputs    
 4(0) Unmatched reference(implementation) unread points    
****************************************************************************************

1
################################# verify #####################################
set successful [verify]
Reference design is 'Ref:/WORK/SYS_TOP'
Implementation design is 'Imp:/WORK/SYS_TOP'
    
*********************************** Matching Results ***********************************    
 367 Compare points matched by name    
 0 Compare points matched by signature analysis    
 0 Compare points matched by topology    
 5 Matched primary inputs, black-box outputs    
 0(0) Unmatched reference(implementation) compare points    
 0(0) Unmatched reference(implementation) primary inputs, black-box outputs    
 4(0) Unmatched reference(implementation) unread points    
****************************************************************************************

Status:  Verifying...

***************************** Synopsys Auto Setup Summary ******************************

!!! Synopsys Auto Setup Mode was enabled. !!!
!!! Verification results are valid assuming the following setup constraints: !!!

### RTL Interpretation Setup
   set hdlin_ignore_parallel_case false
   set hdlin_ignore_full_case false
   set hdlin_error_on_mismatch_message false
   set hdlin_ignore_embedded_configuration true

### Undriven Signal Handling Setup
   set verification_set_undriven_signals synthesis

### Test Logic Setup
   set verification_verify_directly_undriven_output false
   Constants set on:
     SYS_TOP/SE
     SYS_TOP/test_mode
   For details see report_dont_verify_points and report_constants


For further details on Synopsys Auto Setup Mode: Type man synopsys_auto_setup
****************************************************************************************


********************************* Verification Results *********************************
Verification SUCCEEDED
   ATTENTION: synopsys_auto_setup mode was enabled.
              See Synopsys Auto Setup Summary for details.
----------------------------------------------------------
 Reference design: Ref:/WORK/SYS_TOP
 Implementation design: Imp:/WORK/SYS_TOP
 367 Passing compare points
----------------------------------------------------------------------------------------
Matched Compare Points     BBPin    Loop   BBNet     Cut    Port     DFF     LAT   TOTAL
----------------------------------------------------------------------------------------
Passing (equivalent)           0       0       0       0       3     363       1     367
Failing (not equivalent)       0       0       0       0       0       0       0       0
Not Compared
  Don't verify                 0       0       0       0       4       0       0       4
****************************************************************************************
1
if {!$successful} {
diagnose
analyze_points -failing
}
report_passing_points > "reports/passing_points.rpt"
report_failing_points > "reports/failing_points.rpt"
report_aborted_points > "reports/aborted_points.rpt"
report_unverified_points > "reports/unverified_points.rpt"
start_gui
     1  source -echo -verbose pnr_fm_script.tcl
1
1
fm_shell (verify)> exit

Maximum memory usage for this session: 453600 KB
CPU usage for this session: 7.11 seconds
Current time: Fri Aug 16 16:35:12 2024
Elapsed time: 26 seconds

Thank you for using Formality (R)!
