 
****************************************
Report : area
Design : SYS_TOP_dft
Version: K-2015.06
Date   : Sun Aug 25 07:15:38 2024
****************************************

Library(s) Used:

    scmetro_tsmc_cl013g_rvt_ss_1p08v_125c (File: /home/IC/Final_Project/std_cells/scmetro_tsmc_cl013g_rvt_ss_1p08v_125c.db)

Number of ports:                           52
Number of nets:                          1932
Number of cells:                         1842
Number of combinational cells:           1460
Number of sequential cells:               379
Number of macros/black boxes:               0
Number of buf/inv:                        252
Number of references:                      65

Combinational area:              10424.385499
Buf/Inv area:                      920.179426
Noncombinational area:           12127.070631
Macro/Black Box area:                0.000000
Net Interconnect area:      undefined  (No wire load specified)

Total cell area:                 22551.456130
Total area:                 undefined

Hierarchical area distribution
------------------------------

                                  Global cell area            Local cell area
                                  -------------------  ------------------------------ 
Hierarchical cell                 Absolute    Percent  Combi-      Noncombi-   Black-
                                  Total       Total    national    national    boxes   Design
--------------------------------  ----------  -------  ----------  ----------  ------  -------------
SYS_TOP_dft                       22551.4561    100.0   9721.8956  11496.3594  0.0000  SYS_TOP_dft
U0_CLK_GATE                          40.0078      0.2      0.0000     40.0078  0.0000  CLK_GATE
U0_ClkDiv                           696.6064      3.1    401.2547    295.3517  0.0000  ClkDiv_test_0
U1_ClkDiv                           596.5869      2.6    301.2352    295.3517  0.0000  ClkDiv_test_1
--------------------------------  ----------  -------  ----------  ----------  ------  -------------
Total                                                  10424.3855  12127.0706  0.0000

1
