/opt/Synopsys/Synplify2015/auxx/gui/dv/dv_setup.tcl
/opt/Synopsys/Synplify2015/auxx/gui/syn/snpsSynProcs.tcl
/opt/Synopsys/Synplify2015/auxx/tcllib/lib/tcl8.5/tm.tcl
/opt/Synopsys/Synplify2015/auxx/tcllib/lib/tcl8.5/package.tcl
/opt/Synopsys/Synplify2015/auxx/gui/syn/layout/pkgIndex.tcl
/opt/Synopsys/Synplify2015/auxx/gui/common/strokes/pkgIndex.tcl
/opt/Synopsys/Synplify2015/auxx/gui/common/schematic/pkgIndex.tcl
/opt/Synopsys/Synplify2015/auxx/gui/common/qtcl/pkgIndex.tcl
/opt/Synopsys/Synplify2015/auxx/gui/common/acg/pkgIndex.tcl
/opt/Synopsys/Synplify2015/auxx/gui/common/setup/pkgIndex.tcl
/opt/Synopsys/Synplify2015/auxx/gui/common/misc/pkgIndex.tcl
/opt/Synopsys/Synplify2015/auxx/gui/common/view/pkgIndex.tcl
/opt/Synopsys/Synplify2015/auxx/gui/common/tq/pkgIndex.tcl
/opt/Synopsys/Synplify2015/auxx/gui/common/regressionToolkit/pkgIndex.tcl
/opt/Synopsys/Synplify2015/auxx/gui/common/select/pkgIndex.tcl
/opt/Synopsys/Synplify2015/auxx/gui/common/tcl-dp/pkgIndex.tcl
/opt/Synopsys/Synplify2015/auxx/gui/common/fanoutviewer/pkgIndex.tcl
/opt/Synopsys/Synplify2015/auxx/gui/common/tiledview/pkgIndex.tcl
/opt/Synopsys/Synplify2015/auxx/gui/common/table/pkgIndex.tcl
/opt/Synopsys/Synplify2015/auxx/gui/common/docBrowser/pkgIndex.tcl
/opt/Synopsys/Synplify2015/auxx/gui/common/pathinspector/pkgIndex.tcl
/opt/Synopsys/Synplify2015/auxx/gui/common/timing/pkgIndex.tcl
/opt/Synopsys/Synplify2015/auxx/gui/common/histogram/pkgIndex.tcl
/opt/Synopsys/Synplify2015/auxx/gui/common/palettegroup/pkgIndex.tcl
/opt/Synopsys/Synplify2015/auxx/gui/common/mrupalette/pkgIndex.tcl
/opt/Synopsys/Synplify2015/auxx/gui/common/dialogs/pkgIndex.tcl
/opt/Synopsys/Synplify2015/auxx/gui/common/opdlg/pkgIndex.tcl
/opt/Synopsys/Synplify2015/auxx/gui/common/layout/pkgIndex.tcl
/opt/Synopsys/Synplify2015/auxx/gui/common/commandform/pkgIndex.tcl
/opt/Synopsys/Synplify2015/auxx/gui/common/libviewer/pkgIndex.tcl
/opt/Synopsys/Synplify2015/auxx/gui/common/WindowFrameWork/pkgIndex.tcl
/opt/Synopsys/Synplify2015/auxx/gui/common/profiler/pkgIndex.tcl
/opt/Synopsys/Synplify2015/auxx/gui/common/highlight/pkgIndex.tcl
/opt/Synopsys/Synplify2015/auxx/gui/common/menus/pkgIndex.tcl
/opt/Synopsys/Synplify2015/auxx/gui/common/hierarchy/pkgIndex.tcl
/opt/Synopsys/Synplify2015/auxx/gui/dv/pkgIndex.tcl
/opt/Synopsys/Synplify2015/auxx/tcllib/snps_tcl/snpsTclPro/pkgIndex.tcl
/opt/Synopsys/Synplify2015/auxx/tcllib/snps_tcl/snpsTest/pkgIndex.tcl
/opt/Synopsys/Synplify2015/auxx/tcllib/snps_tcl/snpsUtils/pkgIndex.tcl
/opt/Synopsys/Synplify2015/auxx/tcllib/snps_tcl/pkgIndex.tcl
/opt/Synopsys/Synplify2015/auxx/tcllib/lib/tcl8.5/http1.0/pkgIndex.tcl
/opt/Synopsys/Synplify2015/auxx/tcllib/lib/tcl8.5/opt/pkgIndex.tcl
/opt/Synopsys/Synplify2015/auxx/tcllib/lib/tcl8.5/msgcat/pkgIndex.tcl
/opt/Synopsys/Synplify2015/auxx/tcllib/lib/tcl8.5/http/pkgIndex.tcl
/opt/Synopsys/Synplify2015/auxx/tcllib/lib/tcl8.5/reg/pkgIndex.tcl
/opt/Synopsys/Synplify2015/auxx/tcllib/lib/tcl8.5/dde/pkgIndex.tcl
/opt/Synopsys/Synplify2015/auxx/tcllib/lib/tcl8.5/platform/pkgIndex.tcl
/opt/Synopsys/Synplify2015/auxx/tcllib/lib/tcl8.5/tcltest/pkgIndex.tcl
/opt/Synopsys/Synplify2015/auxx/gui/common/setup/snpsCommonSetup.tcl
/opt/Synopsys/Synplify2015/auxx/gui/common/setup/snpsCustomize.tcl
/opt/Synopsys/Synplify2015/auxx/gui/common/setup/snpsProcheck.tcl
/opt/Synopsys/Synplify2015/auxx/gui/common/qtcl/.synopsys_qtcl.tcl
/opt/Synopsys/Synplify2015/auxx/gui/common/highlight/highlight.tcl
/opt/Synopsys/Synplify2015/auxx/gui/common/misc/base.tcl
/opt/Synopsys/Synplify2015/auxx/gui/common/misc/timing.tcl
/opt/Synopsys/Synplify2015/auxx/gui/common/misc/setting.tcl
/opt/Synopsys/Synplify2015/auxx/gui/common/misc/preset.tcl
/opt/Synopsys/Synplify2015/auxx/gui/common/WindowFrameWork/windowFrameWork.tcl
/opt/Synopsys/Synplify2015/auxx/gui/common/WindowFrameWork/skipBusyCursorCmdList.tcl
/opt/Synopsys/Synplify2015/auxx/gui/common/docBrowser/docBrowser.tcl
/opt/Synopsys/Synplify2015/auxx/tcllib/snps_tcl/snpsUtils/snpsUtils.tcl
/opt/Synopsys/Synplify2015/auxx/gui/common/dialogs/ObjectChooser.tcl
/opt/Synopsys/Synplify2015/auxx/gui/common/misc/DialogObjectChooser.tcl
/opt/Synopsys/Synplify2015/auxx/gui/common/dialogs/HistBinInformation.tcl
/opt/Synopsys/Synplify2015/auxx/gui/common/dialogs/HistBin1Information.tcl
/opt/Synopsys/Synplify2015/auxx/gui/common/dialogs/BinsOnlyInformation.tcl
/opt/Synopsys/Synplify2015/auxx/gui/common/dialogs/FileChooser.tcl
/opt/Synopsys/Synplify2015/auxx/gui/common/dialogs/PathPinSimpleInfo.tcl
/opt/Synopsys/Synplify2015/auxx/gui/common/dialogs/PathsBasicInfo.tcl
/opt/Synopsys/Synplify2015/auxx/gui/common/dialogs/PathsBasicSimpleInfo.tcl
/opt/Synopsys/Synplify2015/auxx/gui/common/dialogs/SlctOperationInfo.tcl
/opt/Synopsys/Synplify2015/auxx/gui/common/dialogs/ObjectListInfo.tcl
/opt/Synopsys/Synplify2015/auxx/gui/common/dialogs/FanInOutInfo.tcl
/opt/Synopsys/Synplify2015/auxx/gui/common/dialogs/NumberOfLevelsChooser.tcl
/opt/Synopsys/Synplify2015/auxx/gui/common/dialogs/WindowReuseInfo.tcl
/opt/Synopsys/Synplify2015/auxx/gui/common/dialogs/ReportOutputOptionInfo.tcl
/opt/Synopsys/Synplify2015/auxx/gui/common/setup/snpsCollections.tcl
/opt/Synopsys/Synplify2015/auxx/gui/common/dialogs/CompileLinkDesign.tcl
/opt/Synopsys/Synplify2015/auxx/gui/common/histogram/DialogEndpointSlack.tcl
/opt/Synopsys/Synplify2015/auxx/gui/common/histogram/DialogPathsSlack.tcl
/opt/Synopsys/Synplify2015/auxx/gui/common/histogram/DialogNetCapacitance.tcl
/opt/Synopsys/Synplify2015/auxx/gui/common/schematic/DialogPathSchematicFanInOut.tcl
/opt/Synopsys/Synplify2015/auxx/gui/common/schematic/DialogPathSchematicAddPaths.tcl
/home/IC/Final_Project/dft/dft_script.tcl
/home/IC/Final_Project/std_cells/scmetro_tsmc_cl013g_rvt_ss_1p08v_125c.db
/home/IC/Final_Project/std_cells/scmetro_tsmc_cl013g_rvt_tt_1p2v_25c.db
/home/IC/Final_Project/std_cells/scmetro_tsmc_cl013g_rvt_ff_1p32v_m40c.db
/opt/Synopsys/Synplify2015/libraries/syn/gtech.db
/opt/Synopsys/Synplify2015/libraries/syn/standard.sldb
/home/IC/Final_Project/RTL/ALU/ALU.v
/home/IC/Final_Project/RTL/ALU/ALU.v
/home/IC/Final_Project/RTL/ASYNC_FIFO/BIT_SYNC.v
/home/IC/Final_Project/RTL/ASYNC_FIFO/BIT_SYNC.v
/home/IC/Final_Project/RTL/ASYNC_FIFO/fifo_mem.v
/home/IC/Final_Project/RTL/ASYNC_FIFO/fifo_mem.v
/home/IC/Final_Project/RTL/ASYNC_FIFO/fifo_rd.v
/home/IC/Final_Project/RTL/ASYNC_FIFO/fifo_rd.v
/home/IC/Final_Project/RTL/ASYNC_FIFO/fifo_wr.v
/home/IC/Final_Project/RTL/ASYNC_FIFO/fifo_wr.v
/home/IC/Final_Project/RTL/ASYNC_FIFO/Async_fifo.v
/home/IC/Final_Project/RTL/ASYNC_FIFO/Async_fifo.v
/home/IC/Final_Project/RTL/CLKDIV_MUX/CLKDIV_MUX.v
/home/IC/Final_Project/RTL/CLKDIV_MUX/CLKDIV_MUX.v
/home/IC/Final_Project/RTL/Clock_Divider/ClkDiv.v
/home/IC/Final_Project/RTL/Clock_Divider/ClkDiv.v
/home/IC/Final_Project/RTL/Clock_Gating/CLK_GATE.v
/home/IC/Final_Project/RTL/Clock_Gating/CLK_GATE.v
/home/IC/Final_Project/RTL/DATA_SYNC/DATA_SYNC.v
/home/IC/Final_Project/RTL/DATA_SYNC/DATA_SYNC.v
/home/IC/Final_Project/RTL/PULSE_GEN/PULSE_GEN.v
/home/IC/Final_Project/RTL/PULSE_GEN/PULSE_GEN.v
/home/IC/Final_Project/RTL/RegFile/RegFile.v
/home/IC/Final_Project/RTL/RegFile/RegFile.v
/home/IC/Final_Project/RTL/RST_SYNC/RST_SYNC.v
/home/IC/Final_Project/RTL/RST_SYNC/RST_SYNC.v
/home/IC/Final_Project/RTL/UART/UART_TX/mux.v
/home/IC/Final_Project/RTL/UART/UART_TX/mux.v
/home/IC/Final_Project/RTL/UART/UART_TX/parity_calc.v
/home/IC/Final_Project/RTL/UART/UART_TX/parity_calc.v
/home/IC/Final_Project/RTL/UART/UART_TX/Serializer.v
/home/IC/Final_Project/RTL/UART/UART_TX/Serializer.v
/home/IC/Final_Project/RTL/UART/UART_TX/uart_tx_fsm.v
/home/IC/Final_Project/RTL/UART/UART_TX/uart_tx_fsm.v
/home/IC/Final_Project/RTL/UART/UART_TX/UART_TX.v
/home/IC/Final_Project/RTL/UART/UART_TX/UART_TX.v
/home/IC/Final_Project/RTL/UART/UART_RX/data_sampling.v
/home/IC/Final_Project/RTL/UART/UART_RX/data_sampling.v
/home/IC/Final_Project/RTL/UART/UART_RX/deserializer.v
/home/IC/Final_Project/RTL/UART/UART_RX/deserializer.v
/home/IC/Final_Project/RTL/UART/UART_RX/edge_bit_counter.v
/home/IC/Final_Project/RTL/UART/UART_RX/edge_bit_counter.v
/home/IC/Final_Project/RTL/UART/UART_RX/par_chk.v
/home/IC/Final_Project/RTL/UART/UART_RX/par_chk.v
/home/IC/Final_Project/RTL/UART/UART_RX/stp_chk.v
/home/IC/Final_Project/RTL/UART/UART_RX/stp_chk.v
/home/IC/Final_Project/RTL/UART/UART_RX/strt_chk.v
/home/IC/Final_Project/RTL/UART/UART_RX/strt_chk.v
/home/IC/Final_Project/RTL/UART/UART_RX/uart_rx_fsm.v
/home/IC/Final_Project/RTL/UART/UART_RX/uart_rx_fsm.v
/home/IC/Final_Project/RTL/UART/UART_RX/UART_RX.v
/home/IC/Final_Project/RTL/UART/UART_RX/UART_RX.v
/home/IC/Final_Project/RTL/UART/UART_TOP/UART.v
/home/IC/Final_Project/RTL/UART/UART_TOP/UART.v
/home/IC/Final_Project/RTL/SYS_CTRL/SYS_CTRL.v
/home/IC/Final_Project/RTL/SYS_CTRL/SYS_CTRL.v
/home/IC/Final_Project/RTL/Top/mux2X1.v
/home/IC/Final_Project/RTL/Top/mux2X1.v
/home/IC/Final_Project/RTL/Top/SYS_TOP_dft.v
/home/IC/Final_Project/RTL/Top/SYS_TOP_dft.v
/home/IC/Final_Project/dft/cons.tcl
/home/IC/Final_Project/std_cells/scmetro_tsmc_cl013g_rvt_ss_1p08v_125c.db
/home/IC/Final_Project/dft/alib-52/scmetro_tsmc_cl013g_rvt_ss_1p08v_125c.db.alib
/home/IC/Final_Project/std_cells/scmetro_tsmc_cl013g_rvt_tt_1p2v_25c.db
/home/IC/Final_Project/dft/alib-52/scmetro_tsmc_cl013g_rvt_tt_1p2v_25c.db.alib
/home/IC/Final_Project/std_cells/scmetro_tsmc_cl013g_rvt_ff_1p32v_m40c.db
/home/IC/Final_Project/dft/alib-52/scmetro_tsmc_cl013g_rvt_ff_1p32v_m40c.db.alib
/opt/Synopsys/Synplify2015/libraries/syn/dw_foundation.sldb
/home/IC/Final_Project/std_cells/scmetro_tsmc_cl013g_rvt_ss_1p08v_125c.db
/home/IC/Final_Project/std_cells/scmetro_tsmc_cl013g_rvt_tt_1p2v_25c.db
/home/IC/Final_Project/std_cells/scmetro_tsmc_cl013g_rvt_ff_1p32v_m40c.db
/home/IC/Final_Project/dft/alib-52/scmetro_tsmc_cl013g_rvt_ss_1p08v_125c.db.alib
/home/IC/Final_Project/dft/alib-52/scmetro_tsmc_cl013g_rvt_tt_1p2v_25c.db.alib
/home/IC/Final_Project/dft/alib-52/scmetro_tsmc_cl013g_rvt_ff_1p32v_m40c.db.alib
/home/IC/synopsys_cache_K-2015.06/DW01/DW01_NAND2/str/scmetro_tsmc_cl013g_rvt_ss_1p08v_125c_474/element.ddc
/home/IC/Final_Project/std_cells/scmetro_tsmc_cl013g_rvt_ss_1p08v_125c.db
/home/IC/Final_Project/std_cells/scmetro_tsmc_cl013g_rvt_tt_1p2v_25c.db
/home/IC/Final_Project/std_cells/scmetro_tsmc_cl013g_rvt_ff_1p32v_m40c.db
/home/IC/Final_Project/std_cells/scmetro_tsmc_cl013g_rvt_ss_1p08v_125c.db
/home/IC/Final_Project/dft/alib-52/scmetro_tsmc_cl013g_rvt_ss_1p08v_125c.db.alib
/home/IC/Final_Project/std_cells/scmetro_tsmc_cl013g_rvt_tt_1p2v_25c.db
/home/IC/Final_Project/dft/alib-52/scmetro_tsmc_cl013g_rvt_tt_1p2v_25c.db.alib
/home/IC/Final_Project/std_cells/scmetro_tsmc_cl013g_rvt_ff_1p32v_m40c.db
/home/IC/Final_Project/dft/alib-52/scmetro_tsmc_cl013g_rvt_ff_1p32v_m40c.db.alib
/home/IC/Final_Project/std_cells/scmetro_tsmc_cl013g_rvt_ss_1p08v_125c.db
/home/IC/Final_Project/std_cells/scmetro_tsmc_cl013g_rvt_tt_1p2v_25c.db
/home/IC/Final_Project/std_cells/scmetro_tsmc_cl013g_rvt_ff_1p32v_m40c.db
/home/IC/Final_Project/dft/alib-52/scmetro_tsmc_cl013g_rvt_ss_1p08v_125c.db.alib
/home/IC/Final_Project/dft/alib-52/scmetro_tsmc_cl013g_rvt_tt_1p2v_25c.db.alib
/home/IC/Final_Project/dft/alib-52/scmetro_tsmc_cl013g_rvt_ff_1p32v_m40c.db.alib
/home/IC/Final_Project/std_cells/scmetro_tsmc_cl013g_rvt_ss_1p08v_125c.db
/home/IC/Final_Project/std_cells/scmetro_tsmc_cl013g_rvt_tt_1p2v_25c.db
/home/IC/Final_Project/std_cells/scmetro_tsmc_cl013g_rvt_ff_1p32v_m40c.db
