Info:  Net Ref:/WORK/SYS_TOP_dft/SO[3] is undriven.
Info:  Net Ref:/WORK/SYS_TOP_dft/SO[2] is undriven.
Info:  Net Ref:/WORK/SYS_TOP_dft/SO[1] is undriven.
Info:  Net Ref:/WORK/SYS_TOP_dft/SO[0] is undriven.
Info:  Net Imp:/WORK/ALU_DW_div_uns_0/remainder[7] is undriven.
Info:  Net Imp:/WORK/ALU_DW_div_uns_0/remainder[6] is undriven.
Info:  Net Imp:/WORK/ALU_DW_div_uns_0/remainder[5] is undriven.
Info:  Net Imp:/WORK/ALU_DW_div_uns_0/remainder[4] is undriven.
Info:  Net Imp:/WORK/ALU_DW_div_uns_0/remainder[3] is undriven.
Info:  Net Imp:/WORK/ALU_DW_div_uns_0/remainder[2] is undriven.
Info:  Net Imp:/WORK/ALU_DW_div_uns_0/remainder[1] is undriven.
Info:  Net Imp:/WORK/ALU_DW_div_uns_0/remainder[0] is undriven.
Info:  Net Imp:/WORK/ALU_DW_div_uns_0/divide_by_0 is undriven.
Info:  Net Imp:/WORK/ALU_DW01_sub_0/CO is undriven.
Info:  Net Imp:/WORK/ALU_DW01_add_0/CO is undriven.
Info:  Net Imp:/WORK/ALU_DW01_add_1/CO is undriven.
Info:  guide_transformation 60 (Line: 444)  Rejected transformation 60 because design 'uart_rx_fsm' cannot be found.
Info:  guide_transformation 60 (Line: 444) Retrying with unread processing enabled.
Info:  guide_transformation 60 (Line: 444)  Rejected transformation 60 because design 'uart_rx_fsm' cannot be found.
Info:  SVF Operation 60 (Line: 444) - transformation_share.  Status: rejected

Info:  guide_transformation 61 (Line: 463)  Rejected transformation 61 because design 'uart_rx_fsm' cannot be found.
Info:  guide_transformation 61 (Line: 463) Retrying with unread processing enabled.
Info:  guide_transformation 61 (Line: 463)  Rejected transformation 61 because design 'uart_rx_fsm' cannot be found.
Info:  SVF Operation 61 (Line: 463) - transformation_share.  Status: rejected

Info:  guide_uniquify 73 (Line: 596)  Cannot find object "U1_ClkDiv/U11" in design 'SYS_TOP_dft'.
Info:  SVF Operation 73 (Line: 596) - uniquify.  Status: rejected
Info:  guide_uniquify 73 (Line: 596)  Cannot find object "U0_ClkDiv/U11" in design 'SYS_TOP_dft'.
Info:  guide_uniquify 73 (Line: 596)  Cannot find object "U6_mux2X1/U1" in design 'SYS_TOP_dft'.
Info:  guide_uniquify 73 (Line: 596)  Cannot find object "U5_mux2X1/U1" in design 'SYS_TOP_dft'.
Info:  guide_uniquify 73 (Line: 596)  Cannot find object "U4_mux2X1/U1" in design 'SYS_TOP_dft'.
Info:  guide_uniquify 73 (Line: 596)  Cannot find object "U9_mux2X1/U1" in design 'SYS_TOP_dft'.
Info:  guide_uniquify 73 (Line: 596)  Cannot find object "U3_mux2X1/U1" in design 'SYS_TOP_dft'.
Info:  guide_uniquify 73 (Line: 596)  Cannot find object "U2_mux2X1/U1" in design 'SYS_TOP_dft'.
Info:  guide_uniquify 73 (Line: 596)  Cannot find object "U1_mux2X1/U1" in design 'SYS_TOP_dft'.
Info:  guide_uniquify 73 (Line: 596)  Cannot find object "U0_mux2X1/U1" in design 'SYS_TOP_dft'.
Info:  guide_uniquify 81 (Line: 652)  Cannot find object "U0_ALU/dp_cluster_0/mult_49" in design 'SYS_TOP_dft'.
Info:  Pre-verification of Ref:/WORK/ALU/div_52 SUCCEEDED.
Info:  Pre-verification of Ref:/WORK/ALU/mult_49 SUCCEEDED.
